<?xml version="1.0" encoding="UTF-8"?>
<testsuite xmlns:xsi="http://www.w3.org/2001/XMLSchema-instance" xsi:noNamespaceSchemaLocation="https://maven.apache.org/surefire/maven-surefire-plugin/xsd/surefire-test-report-3.0.xsd" version="3.0" name="com.example.letsplay.LetsPlayApplicationTests" time="1.749" tests="1" errors="0" skipped="0" failures="0">
  <properties>
[...]
</properties>
  <testcase name="contextLoads" classname="com.example.letsplay.LetsPlayApplicationTests" time="0.34">
    <system-out><![CDATA[18:52:30.948 [main] INFO org.springframework.test.context.support.AnnotationConfigContextLoaderUtils -- Could not detect default configuration classes for test class [com.example.letsplay.LetsPlayApplicationTests]: LetsPlayApplicationTests does not declare any static, non-private, non-final, nested classes annotated with @Configuration.
18:52:30.986 [main] INFO org.springframework.boot.test.context.SpringBootTestContextBootstrapper -- Found @SpringBootConfiguration com.example.letsplay.LetsPlayApplication for test class com.example.letsplay.LetsPlayApplicationTests

  .   ____          _            __ _ _
 /\\ / ___'_ __ _ _(_)_ __  __ _ \ \ \ \
( ( )\___ | '_ | '_| | '_ \/ _` | \ \ \ \
 \\/  ___)| |_)| | | | | || (_| |  ) ) ) )
  '  |____| .__|_| |_|_| |_\__, | / / / /
 =========|_|==============|___/=/_/_/_/
 :: Spring Boot ::                (v3.1.4)

2023-09-25T18:52:31.109+03:00  INFO 16345 --- [           main] c.e.letsplay.LetsPlayApplicationTests    : Starting LetsPlayApplicationTests using Java 17.0.8 with PID 16345 (started by alinoof in /Users/alinoof/Documents/gritlab/lets-play)
2023-09-25T18:52:31.110+03:00  INFO 16345 --- [           main] c.e.letsplay.LetsPlayApplicationTests    : No active profile set, falling back to 1 default profile: "default"
2023-09-25T18:52:31.110+03:00 DEBUG 16345 --- [           main] o.s.boot.SpringApplication               : Loading source class com.example.letsplay.LetsPlayApplication
2023-09-25T18:52:31.120+03:00 DEBUG 16345 --- [           main] o.s.w.c.s.GenericWebApplicationContext   : Refreshing org.springframework.web.context.support.GenericWebApplicationContext@ec0c838
2023-09-25T18:52:31.127+03:00 DEBUG 16345 --- [           main] o.s.b.f.s.DefaultListableBeanFactory     : Creating shared instance of singleton bean 'org.springframework.context.annotation.internalConfigurationAnnotationProcessor'
2023-09-25T18:52:31.132+03:00 DEBUG 16345 --- [           main] o.s.b.f.s.DefaultListableBeanFactory     : Creating shared instance of singleton bean 'org.springframework.boot.autoconfigure.internalCachingMetadataReaderFactory'
2023-09-25T18:52:31.146+03:00 DEBUG 16345 --- [           main] o.s.c.a.ClassPathBeanDefinitionScanner   : Identified candidate component class: file [/Users/alinoof/Documents/gritlab/lets-play/target/classes/com/example/letsplay/auth/AuthenticationController.class]
2023-09-25T18:52:31.147+03:00 DEBUG 16345 --- [           main] o.s.c.a.ClassPathBeanDefinitionScanner   : Identified candidate component class: file [/Users/alinoof/Documents/gritlab/lets-play/target/classes/com/example/letsplay/auth/AuthenticationService.class]
2023-09-25T18:52:31.149+03:00 DEBUG 16345 --- [           main] o.s.c.a.ClassPathBeanDefinitionScanner   : Identified candidate component class: file [/Users/alinoof/Documents/gritlab/lets-play/target/classes/com/example/letsplay/config/ApplicationConfig.class]
2023-09-25T18:52:31.149+03:00 DEBUG 16345 --- [           main] o.s.c.a.ClassPathBeanDefinitionScanner   : Identified candidate component class: file [/Users/alinoof/Documents/gritlab/lets-play/target/classes/com/example/letsplay/config/JwtAuthenticationFilter.class]
2023-09-25T18:52:31.149+03:00 DEBUG 16345 --- [           main] o.s.c.a.ClassPathBeanDefinitionScanner   : Identified candidate component class: file [/Users/alinoof/Documents/gritlab/lets-play/target/classes/com/example/letsplay/config/JwtService.class]
2023-09-25T18:52:31.151+03:00 DEBUG 16345 --- [           main] o.s.c.a.ClassPathBeanDefinitionScanner   : Identified candidate component class: file [/Users/alinoof/Documents/gritlab/lets-play/target/classes/com/example/letsplay/config/SecurityConfig.class]
2023-09-25T18:52:31.151+03:00 DEBUG 16345 --- [           main] o.s.c.a.ClassPathBeanDefinitionScanner   : Identified candidate component class: file [/Users/alinoof/Documents/gritlab/lets-play/target/classes/com/example/letsplay/controller/HomeController.class]
2023-09-25T18:52:31.152+03:00 DEBUG 16345 --- [           main] o.s.c.a.ClassPathBeanDefinitionScanner   : Identified candidate component class: file [/Users/alinoof/Documents/gritlab/lets-play/target/classes/com/example/letsplay/controller/ProductController.class]
2023-09-25T18:52:31.153+03:00 DEBUG 16345 --- [           main] o.s.c.a.ClassPathBeanDefinitionScanner   : Identified candidate component class: file [/Users/alinoof/Documents/gritlab/lets-play/target/classes/com/example/letsplay/controller/UserController.class]
2023-09-25T18:52:31.157+03:00 DEBUG 16345 --- [           main] o.s.c.a.ClassPathBeanDefinitionScanner   : Identified candidate component class: file [/Users/alinoof/Documents/gritlab/lets-play/target/classes/com/example/letsplay/exception/GlobalExceptionHandler.class]
2023-09-25T18:52:31.165+03:00 DEBUG 16345 --- [           main] o.s.c.a.ClassPathBeanDefinitionScanner   : Identified candidate component class: file [/Users/alinoof/Documents/gritlab/lets-play/target/classes/com/example/letsplay/service/ProductService.class]
2023-09-25T18:52:31.165+03:00 DEBUG 16345 --- [           main] o.s.c.a.ClassPathBeanDefinitionScanner   : Identified candidate component class: file [/Users/alinoof/Documents/gritlab/lets-play/target/classes/com/example/letsplay/service/UserService.class]
2023-09-25T18:52:31.324+03:00  INFO 16345 --- [           main] .s.d.r.c.RepositoryConfigurationDelegate : Bootstrapping Spring Data MongoDB repositories in DEFAULT mode.
2023-09-25T18:52:31.325+03:00 DEBUG 16345 --- [           main] o.s.b.f.s.DefaultListableBeanFactory     : Creating shared instance of singleton bean 'org.springframework.boot.autoconfigure.AutoConfigurationPackages'
2023-09-25T18:52:31.328+03:00 DEBUG 16345 --- [           main] o.s.b.a.AutoConfigurationPackages        : @EnableAutoConfiguration was declared on a class in the package 'com.example.letsplay'. Automatic @Repository and @Entity scanning is enabled.
2023-09-25T18:52:31.328+03:00 DEBUG 16345 --- [           main] .s.d.r.c.RepositoryConfigurationDelegate : Scanning for MongoDB repositories in packages com.example.letsplay.
2023-09-25T18:52:31.333+03:00 DEBUG 16345 --- [           main] o.s.d.r.c.RepositoryComponentProvider    : Identified candidate component class: file [/Users/alinoof/Documents/gritlab/lets-play/target/classes/com/example/letsplay/repository/ProductRepository.class]
2023-09-25T18:52:31.333+03:00 DEBUG 16345 --- [           main] o.s.d.r.c.RepositoryComponentProvider    : Identified candidate component class: file [/Users/alinoof/Documents/gritlab/lets-play/target/classes/com/example/letsplay/repository/UserRepository.class]
2023-09-25T18:52:31.344+03:00  INFO 16345 --- [           main] .s.d.r.c.RepositoryConfigurationDelegate : Finished Spring Data repository scanning in 15 ms. Found 2 MongoDB repository interfaces.
2023-09-25T18:52:31.411+03:00 DEBUG 16345 --- [           main] o.s.b.f.s.DefaultListableBeanFactory     : Creating shared instance of singleton bean 'propertySourcesPlaceholderConfigurer'
2023-09-25T18:52:31.413+03:00 DEBUG 16345 --- [           main] o.s.b.f.s.DefaultListableBeanFactory     : Creating shared instance of singleton bean 'org.springframework.boot.test.mock.mockito.MockitoPostProcessor'
2023-09-25T18:52:31.413+03:00 DEBUG 16345 --- [           main] o.s.b.f.s.DefaultListableBeanFactory     : Creating shared instance of singleton bean 'org.springframework.boot.sql.init.dependency.DatabaseInitializationDependencyConfigurer$DependsOnDatabaseInitializationPostProcessor'
2023-09-25T18:52:31.437+03:00 DEBUG 16345 --- [           main] o.s.b.f.s.DefaultListableBeanFactory     : Creating shared instance of singleton bean 'org.springframework.context.event.internalEventListenerProcessor'
2023-09-25T18:52:31.438+03:00 DEBUG 16345 --- [           main] o.s.b.f.s.DefaultListableBeanFactory     : Creating shared instance of singleton bean 'conversionServicePostProcessor'
2023-09-25T18:52:31.445+03:00 DEBUG 16345 --- [           main] o.s.b.f.s.DefaultListableBeanFactory     : Creating shared instance of singleton bean 'preserveErrorControllerTargetClassPostProcessor'
2023-09-25T18:52:31.445+03:00 DEBUG 16345 --- [           main] o.s.b.f.s.DefaultListableBeanFactory     : Creating shared instance of singleton bean 'forceAutoProxyCreatorToUseClassProxying'
2023-09-25T18:52:31.446+03:00 DEBUG 16345 --- [           main] o.s.b.f.s.DefaultListableBeanFactory     : Creating shared instance of singleton bean 'org.springframework.context.event.internalEventListenerFactory'
2023-09-25T18:52:31.448+03:00 DEBUG 16345 --- [           main] o.s.b.f.s.DefaultListableBeanFactory     : Creating shared instance of singleton bean 'org.springframework.boot.test.mock.mockito.MockitoPostProcessor$SpyPostProcessor'
2023-09-25T18:52:31.448+03:00 DEBUG 16345 --- [           main] o.s.b.f.s.DefaultListableBeanFactory     : Creating shared instance of singleton bean 'org.springframework.context.annotation.internalAutowiredAnnotationProcessor'
2023-09-25T18:52:31.449+03:00 DEBUG 16345 --- [           main] o.s.b.f.s.DefaultListableBeanFactory     : Creating shared instance of singleton bean 'org.springframework.context.annotation.internalCommonAnnotationProcessor'
2023-09-25T18:52:31.450+03:00 DEBUG 16345 --- [           main] o.s.b.f.s.DefaultListableBeanFactory     : Creating shared instance of singleton bean 'org.springframework.boot.context.properties.ConfigurationPropertiesBindingPostProcessor'
2023-09-25T18:52:31.450+03:00 DEBUG 16345 --- [           main] o.s.b.f.s.DefaultListableBeanFactory     : Creating shared instance of singleton bean 'org.springframework.boot.context.internalConfigurationPropertiesBinder'
2023-09-25T18:52:31.451+03:00 DEBUG 16345 --- [           main] o.s.b.f.s.DefaultListableBeanFactory     : Creating shared instance of singleton bean 'methodValidationPostProcessor'
2023-09-25T18:52:31.454+03:00 DEBUG 16345 --- [           main] o.s.b.f.s.DefaultListableBeanFactory     : Autowiring by type from bean name 'methodValidationPostProcessor' via factory method to bean named 'environment'
2023-09-25T18:52:31.455+03:00 DEBUG 16345 --- [           main] o.s.b.f.s.DefaultListableBeanFactory     : Creating shared instance of singleton bean 'org.springframework.boot.context.properties.EnableConfigurationPropertiesRegistrar.methodValidationExcludeFilter'
2023-09-25T18:52:31.459+03:00 DEBUG 16345 --- [           main] o.s.b.f.s.DefaultListableBeanFactory     : Creating shared instance of singleton bean 'persistenceExceptionTranslationPostProcessor'
2023-09-25T18:52:31.460+03:00 DEBUG 16345 --- [           main] o.s.b.f.s.DefaultListableBeanFactory     : Autowiring by type from bean name 'persistenceExceptionTranslationPostProcessor' via factory method to bean named 'environment'
2023-09-25T18:52:31.461+03:00 DEBUG 16345 --- [           main] o.s.b.f.s.DefaultListableBeanFactory     : Creating shared instance of singleton bean 'org.springframework.aop.config.internalAutoProxyCreator'
2023-09-25T18:52:31.462+03:00 DEBUG 16345 --- [           main] o.s.b.f.s.DefaultListableBeanFactory     : Creating shared instance of singleton bean 'webServerFactoryCustomizerBeanPostProcessor'
2023-09-25T18:52:31.463+03:00 DEBUG 16345 --- [           main] o.s.b.f.s.DefaultListableBeanFactory     : Creating shared instance of singleton bean 'errorPageRegistrarBeanPostProcessor'
2023-09-25T18:52:31.463+03:00 DEBUG 16345 --- [           main] o.s.b.f.s.DefaultListableBeanFactory     : Creating shared instance of singleton bean 'projectingArgumentResolverBeanPostProcessor'
2023-09-25T18:52:31.469+03:00 DEBUG 16345 --- [           main] o.s.u.c.s.UiApplicationContextUtils      : Unable to locate ThemeSource with name 'themeSource': using default [org.springframework.ui.context.support.ResourceBundleThemeSource@4c2af006]
2023-09-25T18:52:31.469+03:00 DEBUG 16345 --- [           main] o.s.b.f.s.DefaultListableBeanFactory     : Creating shared instance of singleton bean 'letsPlayApplication'
2023-09-25T18:52:31.470+03:00 DEBUG 16345 --- [           main] o.s.b.f.s.DefaultListableBeanFactory     : Creating shared instance of singleton bean 'authenticationController'
2023-09-25T18:52:31.471+03:00 DEBUG 16345 --- [           main] o.s.b.f.s.DefaultListableBeanFactory     : Creating shared instance of singleton bean 'authenticationService'
2023-09-25T18:52:31.472+03:00 DEBUG 16345 --- [           main] o.s.b.f.s.DefaultListableBeanFactory     : Creating shared instance of singleton bean 'userRepository'
2023-09-25T18:52:31.474+03:00 DEBUG 16345 --- [           main] o.s.b.f.s.DefaultListableBeanFactory     : Creating shared instance of singleton bean 'mongo.named-queries#0'
2023-09-25T18:52:31.475+03:00 DEBUG 16345 --- [           main] o.s.b.f.s.DefaultListableBeanFactory     : Creating shared instance of singleton bean 'mongodb.UserRepository.fragments#0'
2023-09-25T18:52:31.475+03:00 DEBUG 16345 --- [           main] o.s.b.f.s.DefaultListableBeanFactory     : Creating shared instance of singleton bean 'mongoTemplate'
2023-09-25T18:52:31.475+03:00 DEBUG 16345 --- [           main] o.s.b.f.s.DefaultListableBeanFactory     : Creating shared instance of singleton bean 'org.springframework.boot.autoconfigure.data.mongo.MongoDatabaseFactoryDependentConfiguration'
2023-09-25T18:52:31.476+03:00 DEBUG 16345 --- [           main] o.s.b.f.s.DefaultListableBeanFactory     : Creating shared instance of singleton bean 'mongoDatabaseFactory'
2023-09-25T18:52:31.476+03:00 DEBUG 16345 --- [           main] o.s.b.f.s.DefaultListableBeanFactory     : Creating shared instance of singleton bean 'org.springframework.boot.autoconfigure.data.mongo.MongoDatabaseFactoryConfiguration'
2023-09-25T18:52:31.476+03:00 DEBUG 16345 --- [           main] o.s.b.f.s.DefaultListableBeanFactory     : Creating shared instance of singleton bean 'mongo'
2023-09-25T18:52:31.476+03:00 DEBUG 16345 --- [           main] o.s.b.f.s.DefaultListableBeanFactory     : Creating shared instance of singleton bean 'org.springframework.boot.autoconfigure.mongo.MongoAutoConfiguration'
2023-09-25T18:52:31.477+03:00 DEBUG 16345 --- [           main] o.s.b.f.s.DefaultListableBeanFactory     : Creating shared instance of singleton bean 'mongoClientSettings'
2023-09-25T18:52:31.477+03:00 DEBUG 16345 --- [           main] o.s.b.f.s.DefaultListableBeanFactory     : Creating shared instance of singleton bean 'org.springframework.boot.autoconfigure.mongo.MongoAutoConfiguration$MongoClientSettingsConfiguration'
2023-09-25T18:52:31.494+03:00 DEBUG 16345 --- [           main] o.s.b.f.s.DefaultListableBeanFactory     : Autowiring by type from bean name 'mongo' via factory method to bean named 'mongoClientSettings'
2023-09-25T18:52:31.495+03:00 DEBUG 16345 --- [           main] o.s.b.f.s.DefaultListableBeanFactory     : Creating shared instance of singleton bean 'standardMongoSettingsCustomizer'
2023-09-25T18:52:31.495+03:00 DEBUG 16345 --- [           main] o.s.b.f.s.DefaultListableBeanFactory     : Creating shared instance of singleton bean 'spring.data.mongodb-org.springframework.boot.autoconfigure.mongo.MongoProperties'
2023-09-25T18:52:31.496+03:00 DEBUG 16345 --- [           main] o.s.b.f.s.DefaultListableBeanFactory     : Creating shared instance of singleton bean 'org.springframework.boot.context.properties.BoundConfigurationProperties'
2023-09-25T18:52:31.502+03:00 DEBUG 16345 --- [           main] o.s.b.f.s.DefaultListableBeanFactory     : Creating shared instance of singleton bean 'mongoConnectionDetails'
2023-09-25T18:52:31.502+03:00 DEBUG 16345 --- [           main] o.s.b.f.s.DefaultListableBeanFactory     : Autowiring by type from bean name 'mongoConnectionDetails' via factory method to bean named 'spring.data.mongodb-org.springframework.boot.autoconfigure.mongo.MongoProperties'
2023-09-25T18:52:31.503+03:00 DEBUG 16345 --- [           main] o.s.b.f.s.DefaultListableBeanFactory     : Autowiring by type from bean name 'standardMongoSettingsCustomizer' via factory method to bean named 'spring.data.mongodb-org.springframework.boot.autoconfigure.mongo.MongoProperties'
2023-09-25T18:52:31.503+03:00 DEBUG 16345 --- [           main] o.s.b.f.s.DefaultListableBeanFactory     : Autowiring by type from bean name 'standardMongoSettingsCustomizer' via factory method to bean named 'mongoConnectionDetails'
2023-09-25T18:52:31.568+03:00 DEBUG 16345 --- [           main] o.s.b.f.s.DefaultListableBeanFactory     : Creating shared instance of singleton bean 'sslBundleRegistry'
2023-09-25T18:52:31.568+03:00 DEBUG 16345 --- [           main] o.s.b.f.s.DefaultListableBeanFactory     : Creating shared instance of singleton bean 'org.springframework.boot.autoconfigure.ssl.SslAutoConfiguration'
2023-09-25T18:52:31.568+03:00 DEBUG 16345 --- [           main] o.s.b.f.s.DefaultListableBeanFactory     : Creating shared instance of singleton bean 'sslPropertiesSslBundleRegistrar'
2023-09-25T18:52:31.568+03:00 DEBUG 16345 --- [           main] o.s.b.f.s.DefaultListableBeanFactory     : Creating shared instance of singleton bean 'spring.ssl-org.springframework.boot.autoconfigure.ssl.SslProperties'
2023-09-25T18:52:31.569+03:00 DEBUG 16345 --- [           main] o.s.b.f.s.DefaultListableBeanFactory     : Autowiring by type from bean name 'sslPropertiesSslBundleRegistrar' via factory method to bean named 'spring.ssl-org.springframework.boot.autoconfigure.ssl.SslProperties'
2023-09-25T18:52:31.569+03:00 DEBUG 16345 --- [           main] o.s.b.f.s.DefaultListableBeanFactory     : Autowiring by type from bean name 'sslBundleRegistry' via factory method to bean named 'sslPropertiesSslBundleRegistrar'
2023-09-25T18:52:31.588+03:00  INFO 16345 --- [           main] org.mongodb.driver.client                : MongoClient with metadata {"driver": {"name": "mongo-java-driver|sync|spring-boot", "version": "4.9.1"}, "os": {"type": "Darwin", "name": "Mac OS X", "architecture": "aarch64", "version": "13.2.1"}, "platform": "Java/Oracle Corporation/17.0.8+9-LTS-211"} created with settings MongoClientSettings{readPreference=primary, writeConcern=WriteConcern{w=null, wTimeout=null ms, journal=null}, retryWrites=true, retryReads=true, readConcern=ReadConcern{level=null}, credential=MongoCredential{mechanism=null, userName='letsplay-admin', source='admin', password=<hidden>, mechanismProperties=<hidden>}, streamFactoryFactory=null, commandListeners=[], codecRegistry=ProvidersCodecRegistry{codecProviders=[ValueCodecProvider{}, BsonValueCodecProvider{}, DBRefCodecProvider{}, DBObjectCodecProvider{}, DocumentCodecProvider{}, CollectionCodecProvider{}, IterableCodecProvider{}, MapCodecProvider{}, GeoJsonCodecProvider{}, GridFSFileCodecProvider{}, Jsr310CodecProvider{}, JsonObjectCodecProvider{}, BsonCodecProvider{}, EnumCodecProvider{}, com.mongodb.client.model.mql.ExpressionCodecProvider@2f14b0f6, com.mongodb.Jep395RecordCodecProvider@5b20706]}, loggerSettings=LoggerSettings{maxDocumentLength=1000}, clusterSettings={hosts=[127.0.0.1:27017], srvHost=lets-play.njd6gsr.mongodb.net, srvServiceName=mongodb, mode=MULTIPLE, requiredClusterType=REPLICA_SET, requiredReplicaSetName='atlas-tsue3k-shard-0', serverSelector='null', clusterListeners='[]', serverSelectionTimeout='30000 ms', localThreshold='30000 ms'}, socketSettings=SocketSettings{connectTimeoutMS=10000, readTimeoutMS=0, receiveBufferSize=0, sendBufferSize=0}, heartbeatSocketSettings=SocketSettings{connectTimeoutMS=10000, readTimeoutMS=10000, receiveBufferSize=0, sendBufferSize=0}, connectionPoolSettings=ConnectionPoolSettings{maxSize=100, minSize=0, maxWaitTimeMS=120000, maxConnectionLifeTimeMS=0, maxConnectionIdleTimeMS=0, maintenanceInitialDelayMS=0, maintenanceFrequencyMS=60000, connectionPoolListeners=[], maxConnecting=2}, serverSettings=ServerSettings{heartbeatFrequencyMS=10000, minHeartbeatFrequencyMS=500, serverListeners='[]', serverMonitorListeners='[]'}, sslSettings=SslSettings{enabled=true, invalidHostNameAllowed=false, context=null}, applicationName='null', compressorList=[], uuidRepresentation=JAVA_LEGACY, serverApi=null, autoEncryptionSettings=null, contextProvider=null}
2023-09-25T18:52:31.589+03:00 DEBUG 16345 --- [           main] o.s.b.f.s.DefaultListableBeanFactory     : Autowiring by type from bean name 'mongoDatabaseFactory' via factory method to bean named 'mongo'
2023-09-25T18:52:31.589+03:00 DEBUG 16345 --- [           main] o.s.b.f.s.DefaultListableBeanFactory     : Autowiring by type from bean name 'mongoDatabaseFactory' via factory method to bean named 'spring.data.mongodb-org.springframework.boot.autoconfigure.mongo.MongoProperties'
2023-09-25T18:52:31.589+03:00 DEBUG 16345 --- [           main] o.s.b.f.s.DefaultListableBeanFactory     : Autowiring by type from bean name 'mongoDatabaseFactory' via factory method to bean named 'mongoConnectionDetails'
2023-09-25T18:52:31.590+03:00 DEBUG 16345 --- [           main] o.s.b.f.s.DefaultListableBeanFactory     : Creating shared instance of singleton bean 'mappingMongoConverter'
2023-09-25T18:52:31.590+03:00 DEBUG 16345 --- [           main] o.s.b.f.s.DefaultListableBeanFactory     : Creating shared instance of singleton bean 'mongoMappingContext'
2023-09-25T18:52:31.590+03:00 DEBUG 16345 --- [           main] o.s.b.f.s.DefaultListableBeanFactory     : Creating shared instance of singleton bean 'org.springframework.boot.autoconfigure.data.mongo.MongoDataConfiguration'
2023-09-25T18:52:31.590+03:00 DEBUG 16345 --- [           main] o.s.b.f.s.DefaultListableBeanFactory     : Creating shared instance of singleton bean 'mongoCustomConversions'
2023-09-25T18:52:31.614+03:00 DEBUG 16345 --- [           main] o.s.data.convert.CustomConversions       : Adding converter from class java.lang.Character to class java.lang.String as writing converter
2023-09-25T18:52:31.614+03:00 DEBUG 16345 --- [           main] o.s.data.convert.CustomConversions       : Adding converter from class java.util.Locale to class java.lang.String as writing converter
2023-09-25T18:52:31.614+03:00 DEBUG 16345 --- [           main] o.s.data.convert.CustomConversions       : Adding converter from class java.math.BigDecimal to class java.lang.String as writing converter
2023-09-25T18:52:31.615+03:00 DEBUG 16345 --- [           main] o.s.data.convert.CustomConversions       : Adding converter from class java.math.BigDecimal to class org.bson.types.Decimal128 as writing converter
2023-09-25T18:52:31.615+03:00 DEBUG 16345 --- [           main] o.s.data.convert.CustomConversions       : Adding converter from class java.lang.String to class java.math.BigDecimal as reading converter
2023-09-25T18:52:31.615+03:00 DEBUG 16345 --- [           main] o.s.data.convert.CustomConversions       : Adding converter from class org.bson.types.Decimal128 to class java.math.BigDecimal as reading converter
2023-09-25T18:52:31.615+03:00 DEBUG 16345 --- [           main] o.s.data.convert.CustomConversions       : Adding converter from class java.math.BigInteger to class java.lang.String as writing converter
2023-09-25T18:52:31.615+03:00 DEBUG 16345 --- [           main] o.s.data.convert.CustomConversions       : Adding converter from class java.lang.String to class java.math.BigInteger as reading converter
2023-09-25T18:52:31.615+03:00 DEBUG 16345 --- [           main] o.s.data.convert.CustomConversions       : Adding converter from class java.net.URL to class java.lang.String as writing converter
2023-09-25T18:52:31.615+03:00  INFO 16345 --- [gsr.mongodb.net] org.mongodb.driver.cluster               : Adding discovered server ac-xdqygjm-shard-00-01.njd6gsr.mongodb.net:27017 to client view of cluster
2023-09-25T18:52:31.615+03:00 DEBUG 16345 --- [           main] o.s.data.convert.CustomConversions       : Adding converter from class java.lang.String to class java.net.URL as reading converter
2023-09-25T18:52:31.615+03:00 DEBUG 16345 --- [           main] o.s.data.convert.CustomConversions       : Adding converter from class org.bson.Document to class java.lang.String as reading converter
2023-09-25T18:52:31.615+03:00 DEBUG 16345 --- [           main] o.s.data.convert.CustomConversions       : Adding converter from class org.springframework.data.mongodb.core.query.Term to class java.lang.String as writing converter
2023-09-25T18:52:31.615+03:00 DEBUG 16345 --- [           main] o.s.data.convert.CustomConversions       : Adding converter from class org.springframework.data.mongodb.core.script.NamedMongoScript to class org.bson.Document as writing converter
2023-09-25T18:52:31.615+03:00 DEBUG 16345 --- [           main] o.s.data.convert.CustomConversions       : Adding converter from class org.bson.Document to class org.springframework.data.mongodb.core.script.NamedMongoScript as reading converter
2023-09-25T18:52:31.615+03:00 DEBUG 16345 --- [           main] o.s.data.convert.CustomConversions       : Adding converter from class java.util.Currency to class java.lang.String as writing converter
2023-09-25T18:52:31.615+03:00 DEBUG 16345 --- [           main] o.s.data.convert.CustomConversions       : Adding converter from class java.lang.String to class java.util.Currency as reading converter
2023-09-25T18:52:31.615+03:00 DEBUG 16345 --- [           main] o.s.data.convert.CustomConversions       : Adding converter from class java.util.concurrent.atomic.AtomicInteger to class java.lang.Integer as writing converter
2023-09-25T18:52:31.615+03:00 DEBUG 16345 --- [           main] o.s.data.convert.CustomConversions       : Adding converter from class java.util.concurrent.atomic.AtomicLong to class java.lang.Long as writing converter
2023-09-25T18:52:31.615+03:00 DEBUG 16345 --- [           main] o.s.data.convert.CustomConversions       : Adding converter from class java.lang.Long to class java.util.concurrent.atomic.AtomicLong as reading converter
2023-09-25T18:52:31.615+03:00 DEBUG 16345 --- [           main] o.s.data.convert.CustomConversions       : Adding converter from class java.lang.Integer to class java.util.concurrent.atomic.AtomicInteger as reading converter
2023-09-25T18:52:31.615+03:00 DEBUG 16345 --- [           main] o.s.data.convert.CustomConversions       : Adding converter from class org.bson.types.Binary to class [B as reading converter
2023-09-25T18:52:31.615+03:00 DEBUG 16345 --- [           main] o.s.data.convert.CustomConversions       : Adding converter from class org.bson.BsonTimestamp to class java.time.Instant as reading converter
2023-09-25T18:52:31.616+03:00 DEBUG 16345 --- [           main] o.s.data.convert.CustomConversions       : Adding converter from class java.net.URI to class java.lang.String as writing converter
2023-09-25T18:52:31.616+03:00 DEBUG 16345 --- [           main] o.s.data.convert.CustomConversions       : Adding converter from class java.lang.String to class java.net.URI as reading converter
2023-09-25T18:52:31.616+03:00 DEBUG 16345 --- [           main] o.s.data.convert.CustomConversions       : Adding converter from class org.springframework.data.geo.Box to class org.bson.Document as writing converter
2023-09-25T18:52:31.616+03:00 DEBUG 16345 --- [           main] o.s.data.convert.CustomConversions       : Adding converter from class org.springframework.data.geo.Polygon to class org.bson.Document as writing converter
2023-09-25T18:52:31.616+03:00 DEBUG 16345 --- [           main] o.s.data.convert.CustomConversions       : Adding converter from class org.springframework.data.geo.Circle to class org.bson.Document as writing converter
2023-09-25T18:52:31.616+03:00 DEBUG 16345 --- [           main] o.s.data.convert.CustomConversions       : Adding converter from class org.springframework.data.mongodb.core.geo.Sphere to class org.bson.Document as writing converter
2023-09-25T18:52:31.616+03:00 DEBUG 16345 --- [           main] o.s.data.convert.CustomConversions       : Adding converter from class org.bson.Document to class org.springframework.data.geo.Box as reading converter
2023-09-25T18:52:31.616+03:00 DEBUG 16345 --- [           main] o.s.data.convert.CustomConversions       : Adding converter from class org.bson.Document to class org.springframework.data.geo.Polygon as reading converter
2023-09-25T18:52:31.616+03:00 DEBUG 16345 --- [           main] o.s.data.convert.CustomConversions       : Adding converter from class org.bson.Document to class org.springframework.data.geo.Circle as reading converter
2023-09-25T18:52:31.616+03:00 DEBUG 16345 --- [           main] o.s.data.convert.CustomConversions       : Adding converter from class org.bson.Document to class org.springframework.data.mongodb.core.geo.Sphere as reading converter
2023-09-25T18:52:31.616+03:00 DEBUG 16345 --- [           main] o.s.data.convert.CustomConversions       : Adding converter from class org.bson.Document to class org.springframework.data.geo.Point as reading converter
2023-09-25T18:52:31.616+03:00 DEBUG 16345 --- [           main] o.s.data.convert.CustomConversions       : Adding converter from class org.springframework.data.geo.Point to class org.bson.Document as writing converter
2023-09-25T18:52:31.616+03:00 DEBUG 16345 --- [           main] o.s.data.convert.CustomConversions       : Adding converter from class org.springframework.data.mongodb.core.query.GeoCommand to class org.bson.Document as writing converter
2023-09-25T18:52:31.616+03:00 DEBUG 16345 --- [           main] o.s.data.convert.CustomConversions       : Adding converter from interface org.springframework.data.mongodb.core.geo.GeoJson to class org.bson.Document as writing converter
2023-09-25T18:52:31.616+03:00 DEBUG 16345 --- [           main] o.s.data.convert.CustomConversions       : Adding converter from class org.springframework.data.mongodb.core.geo.GeoJsonPoint to class org.bson.Document as writing converter
2023-09-25T18:52:31.616+03:00 DEBUG 16345 --- [           main] o.s.data.convert.CustomConversions       : Adding converter from class org.springframework.data.mongodb.core.geo.GeoJsonPolygon to class org.bson.Document as writing converter
2023-09-25T18:52:31.616+03:00 DEBUG 16345 --- [           main] o.s.data.convert.CustomConversions       : Adding converter from class org.bson.Document to class org.springframework.data.mongodb.core.geo.GeoJsonPoint as reading converter
2023-09-25T18:52:31.616+03:00 DEBUG 16345 --- [           main] o.s.data.convert.CustomConversions       : Adding converter from class org.bson.Document to class org.springframework.data.mongodb.core.geo.GeoJsonPolygon as reading converter
2023-09-25T18:52:31.616+03:00 DEBUG 16345 --- [           main] o.s.data.convert.CustomConversions       : Adding converter from class org.bson.Document to class org.springframework.data.mongodb.core.geo.GeoJsonLineString as reading converter
2023-09-25T18:52:31.616+03:00 DEBUG 16345 --- [           main] o.s.data.convert.CustomConversions       : Adding converter from class org.bson.Document to class org.springframework.data.mongodb.core.geo.GeoJsonMultiLineString as reading converter
2023-09-25T18:52:31.617+03:00 DEBUG 16345 --- [           main] o.s.data.convert.CustomConversions       : Adding converter from class org.bson.Document to class org.springframework.data.mongodb.core.geo.GeoJsonMultiPoint as reading converter
2023-09-25T18:52:31.617+03:00 DEBUG 16345 --- [           main] o.s.data.convert.CustomConversions       : Adding converter from class org.bson.Document to class org.springframework.data.mongodb.core.geo.GeoJsonMultiPolygon as reading converter
2023-09-25T18:52:31.617+03:00 DEBUG 16345 --- [           main] o.s.data.convert.CustomConversions       : Adding converter from class org.bson.Document to class org.springframework.data.mongodb.core.geo.GeoJsonGeometryCollection as reading converter
2023-09-25T18:52:31.617+03:00 DEBUG 16345 --- [           main] o.s.data.convert.CustomConversions       : Adding converter from class org.bson.Document to interface org.springframework.data.mongodb.core.geo.GeoJson as reading converter
2023-09-25T18:52:31.617+03:00 DEBUG 16345 --- [           main] o.s.data.convert.CustomConversions       : Adding converter from class java.util.Date to class java.time.LocalDateTime as reading converter
2023-09-25T18:52:31.617+03:00 DEBUG 16345 --- [           main] o.s.data.convert.CustomConversions       : Adding converter from class java.time.LocalDateTime to class java.util.Date as writing converter
2023-09-25T18:52:31.617+03:00 DEBUG 16345 --- [           main] o.s.data.convert.CustomConversions       : Adding converter from class java.util.Date to class java.time.LocalDate as reading converter
2023-09-25T18:52:31.617+03:00 DEBUG 16345 --- [           main] o.s.data.convert.CustomConversions       : Adding converter from class java.time.LocalDate to class java.util.Date as writing converter
2023-09-25T18:52:31.617+03:00 DEBUG 16345 --- [           main] o.s.data.convert.CustomConversions       : Adding converter from class java.util.Date to class java.time.LocalTime as reading converter
2023-09-25T18:52:31.617+03:00 DEBUG 16345 --- [           main] o.s.data.convert.CustomConversions       : Adding converter from class java.time.LocalTime to class java.util.Date as writing converter
2023-09-25T18:52:31.617+03:00 DEBUG 16345 --- [           main] o.s.data.convert.CustomConversions       : Adding converter from class java.util.Date to class java.time.Instant as reading converter
2023-09-25T18:52:31.617+03:00 DEBUG 16345 --- [           main] o.s.data.convert.CustomConversions       : Adding converter from class java.time.Instant to class java.util.Date as writing converter
2023-09-25T18:52:31.617+03:00 DEBUG 16345 --- [           main] o.s.data.convert.CustomConversions       : Skipping converter from class java.time.LocalDateTime to class java.time.Instant as reading converter class java.time.LocalDateTime is not a store supported simple type
2023-09-25T18:52:31.617+03:00 DEBUG 16345 --- [           main] o.s.data.convert.CustomConversions       : Skipping converter from class java.time.Instant to class java.time.LocalDateTime as reading converter class java.time.Instant is not a store supported simple type
2023-09-25T18:52:31.617+03:00 DEBUG 16345 --- [           main] o.s.data.convert.CustomConversions       : Adding converter from class java.time.ZoneId to class java.lang.String as writing converter
2023-09-25T18:52:31.617+03:00 DEBUG 16345 --- [           main] o.s.data.convert.CustomConversions       : Adding converter from class java.lang.String to class java.time.ZoneId as reading converter
2023-09-25T18:52:31.617+03:00 DEBUG 16345 --- [           main] o.s.data.convert.CustomConversions       : Adding converter from class java.time.Duration to class java.lang.String as writing converter
2023-09-25T18:52:31.617+03:00 DEBUG 16345 --- [           main] o.s.data.convert.CustomConversions       : Adding converter from class java.lang.String to class java.time.Duration as reading converter
2023-09-25T18:52:31.617+03:00 DEBUG 16345 --- [           main] o.s.data.convert.CustomConversions       : Adding converter from class java.time.Period to class java.lang.String as writing converter
2023-09-25T18:52:31.617+03:00 DEBUG 16345 --- [           main] o.s.data.convert.CustomConversions       : Adding converter from class java.lang.String to class java.time.Period as reading converter
2023-09-25T18:52:31.617+03:00 DEBUG 16345 --- [           main] o.s.data.convert.CustomConversions       : Adding converter from class java.lang.String to class java.time.LocalDate as reading converter
2023-09-25T18:52:31.617+03:00 DEBUG 16345 --- [           main] o.s.data.convert.CustomConversions       : Adding converter from class java.lang.String to class java.time.LocalDateTime as reading converter
2023-09-25T18:52:31.617+03:00 DEBUG 16345 --- [           main] o.s.data.convert.CustomConversions       : Adding converter from class java.lang.String to class java.time.Instant as reading converter
2023-09-25T18:52:31.618+03:00 DEBUG 16345 --- [           main] o.s.b.f.s.DefaultListableBeanFactory     : Creating shared instance of singleton bean 'mongoManagedTypes'
2023-09-25T18:52:31.619+03:00 DEBUG 16345 --- [           main] o.s.b.f.s.DefaultListableBeanFactory     : Autowiring by type from bean name 'mongoManagedTypes' via factory method to bean named 'org.springframework.web.context.support.GenericWebApplicationContext@ec0c838'
2023-09-25T18:52:31.621+03:00 DEBUG 16345 --- [           main] ssPathScanningCandidateComponentProvider : Identified candidate component class: file [/Users/alinoof/Documents/gritlab/lets-play/target/classes/com/example/letsplay/domain/Product.class]
2023-09-25T18:52:31.621+03:00 DEBUG 16345 --- [           main] ssPathScanningCandidateComponentProvider : Identified candidate component class: file [/Users/alinoof/Documents/gritlab/lets-play/target/classes/com/example/letsplay/domain/User.class]
2023-09-25T18:52:31.622+03:00 DEBUG 16345 --- [           main] o.s.b.f.s.DefaultListableBeanFactory     : Autowiring by type from bean name 'mongoMappingContext' via factory method to bean named 'spring.data.mongodb-org.springframework.boot.autoconfigure.mongo.MongoProperties'
2023-09-25T18:52:31.622+03:00  INFO 16345 --- [gsr.mongodb.net] org.mongodb.driver.cluster               : Adding discovered server ac-xdqygjm-shard-00-00.njd6gsr.mongodb.net:27017 to client view of cluster
2023-09-25T18:52:31.622+03:00 DEBUG 16345 --- [           main] o.s.b.f.s.DefaultListableBeanFactory     : Autowiring by type from bean name 'mongoMappingContext' via factory method to bean named 'mongoCustomConversions'
2023-09-25T18:52:31.622+03:00 DEBUG 16345 --- [           main] o.s.b.f.s.DefaultListableBeanFactory     : Autowiring by type from bean name 'mongoMappingContext' via factory method to bean named 'mongoManagedTypes'
2023-09-25T18:52:31.622+03:00  INFO 16345 --- [gsr.mongodb.net] org.mongodb.driver.cluster               : Adding discovered server ac-xdqygjm-shard-00-02.njd6gsr.mongodb.net:27017 to client view of cluster
2023-09-25T18:52:31.643+03:00 DEBUG 16345 --- [           main] o.s.b.f.s.DefaultListableBeanFactory     : Creating shared instance of singleton bean 'delegatingApplicationListener'
2023-09-25T18:52:31.651+03:00 DEBUG 16345 --- [           main] o.s.b.f.s.DefaultListableBeanFactory     : Autowiring by type from bean name 'mappingMongoConverter' via factory method to bean named 'mongoDatabaseFactory'
2023-09-25T18:52:31.651+03:00 DEBUG 16345 --- [           main] o.s.b.f.s.DefaultListableBeanFactory     : Autowiring by type from bean name 'mappingMongoConverter' via factory method to bean named 'mongoMappingContext'
2023-09-25T18:52:31.651+03:00 DEBUG 16345 --- [           main] o.s.b.f.s.DefaultListableBeanFactory     : Autowiring by type from bean name 'mappingMongoConverter' via factory method to bean named 'mongoCustomConversions'
2023-09-25T18:52:31.654+03:00 DEBUG 16345 --- [           main] o.s.data.convert.CustomConversions       : Adding converter from class java.lang.Character to class java.lang.String as writing converter
2023-09-25T18:52:31.654+03:00 DEBUG 16345 --- [           main] o.s.data.convert.CustomConversions       : Adding converter from class java.util.Locale to class java.lang.String as writing converter
2023-09-25T18:52:31.654+03:00 DEBUG 16345 --- [           main] o.s.data.convert.CustomConversions       : Adding converter from class java.math.BigDecimal to class java.lang.String as writing converter
2023-09-25T18:52:31.654+03:00 DEBUG 16345 --- [           main] o.s.data.convert.CustomConversions       : Adding converter from class java.math.BigDecimal to class org.bson.types.Decimal128 as writing converter
2023-09-25T18:52:31.654+03:00 DEBUG 16345 --- [           main] o.s.data.convert.CustomConversions       : Adding converter from class java.lang.String to class java.math.BigDecimal as reading converter
2023-09-25T18:52:31.655+03:00 DEBUG 16345 --- [           main] o.s.data.convert.CustomConversions       : Adding converter from class org.bson.types.Decimal128 to class java.math.BigDecimal as reading converter
2023-09-25T18:52:31.655+03:00 DEBUG 16345 --- [           main] o.s.data.convert.CustomConversions       : Adding converter from class java.math.BigInteger to class java.lang.String as writing converter
2023-09-25T18:52:31.655+03:00 DEBUG 16345 --- [           main] o.s.data.convert.CustomConversions       : Adding converter from class java.lang.String to class java.math.BigInteger as reading converter
2023-09-25T18:52:31.655+03:00 DEBUG 16345 --- [           main] o.s.data.convert.CustomConversions       : Adding converter from class java.net.URL to class java.lang.String as writing converter
2023-09-25T18:52:31.655+03:00 DEBUG 16345 --- [           main] o.s.data.convert.CustomConversions       : Adding converter from class java.lang.String to class java.net.URL as reading converter
2023-09-25T18:52:31.655+03:00 DEBUG 16345 --- [           main] o.s.data.convert.CustomConversions       : Adding converter from class org.bson.Document to class java.lang.String as reading converter
2023-09-25T18:52:31.655+03:00 DEBUG 16345 --- [           main] o.s.data.convert.CustomConversions       : Adding converter from class org.springframework.data.mongodb.core.query.Term to class java.lang.String as writing converter
2023-09-25T18:52:31.655+03:00 DEBUG 16345 --- [           main] o.s.data.convert.CustomConversions       : Adding converter from class org.springframework.data.mongodb.core.script.NamedMongoScript to class org.bson.Document as writing converter
2023-09-25T18:52:31.655+03:00 DEBUG 16345 --- [           main] o.s.data.convert.CustomConversions       : Adding converter from class org.bson.Document to class org.springframework.data.mongodb.core.script.NamedMongoScript as reading converter
2023-09-25T18:52:31.655+03:00 DEBUG 16345 --- [           main] o.s.data.convert.CustomConversions       : Adding converter from class java.util.Currency to class java.lang.String as writing converter
2023-09-25T18:52:31.655+03:00 DEBUG 16345 --- [           main] o.s.data.convert.CustomConversions       : Adding converter from class java.lang.String to class java.util.Currency as reading converter
2023-09-25T18:52:31.655+03:00 DEBUG 16345 --- [           main] o.s.data.convert.CustomConversions       : Adding converter from class java.util.concurrent.atomic.AtomicInteger to class java.lang.Integer as writing converter
2023-09-25T18:52:31.655+03:00 DEBUG 16345 --- [           main] o.s.data.convert.CustomConversions       : Adding converter from class java.util.concurrent.atomic.AtomicLong to class java.lang.Long as writing converter
2023-09-25T18:52:31.655+03:00 DEBUG 16345 --- [           main] o.s.data.convert.CustomConversions       : Adding converter from class java.lang.Long to class java.util.concurrent.atomic.AtomicLong as reading converter
2023-09-25T18:52:31.655+03:00 DEBUG 16345 --- [           main] o.s.data.convert.CustomConversions       : Adding converter from class java.lang.Integer to class java.util.concurrent.atomic.AtomicInteger as reading converter
2023-09-25T18:52:31.655+03:00 DEBUG 16345 --- [           main] o.s.data.convert.CustomConversions       : Adding converter from class org.bson.types.Binary to class [B as reading converter
2023-09-25T18:52:31.655+03:00 DEBUG 16345 --- [           main] o.s.data.convert.CustomConversions       : Adding converter from class org.bson.BsonTimestamp to class java.time.Instant as reading converter
2023-09-25T18:52:31.655+03:00 DEBUG 16345 --- [           main] o.s.data.convert.CustomConversions       : Adding converter from class java.net.URI to class java.lang.String as writing converter
2023-09-25T18:52:31.655+03:00 DEBUG 16345 --- [           main] o.s.data.convert.CustomConversions       : Adding converter from class java.lang.String to class java.net.URI as reading converter
2023-09-25T18:52:31.655+03:00 DEBUG 16345 --- [           main] o.s.data.convert.CustomConversions       : Adding converter from class org.springframework.data.geo.Box to class org.bson.Document as writing converter
2023-09-25T18:52:31.655+03:00 DEBUG 16345 --- [           main] o.s.data.convert.CustomConversions       : Adding converter from class org.springframework.data.geo.Polygon to class org.bson.Document as writing converter
2023-09-25T18:52:31.655+03:00 DEBUG 16345 --- [           main] o.s.data.convert.CustomConversions       : Adding converter from class org.springframework.data.geo.Circle to class org.bson.Document as writing converter
2023-09-25T18:52:31.655+03:00 DEBUG 16345 --- [           main] o.s.data.convert.CustomConversions       : Adding converter from class org.springframework.data.mongodb.core.geo.Sphere to class org.bson.Document as writing converter
2023-09-25T18:52:31.655+03:00 DEBUG 16345 --- [           main] o.s.data.convert.CustomConversions       : Adding converter from class org.bson.Document to class org.springframework.data.geo.Box as reading converter
2023-09-25T18:52:31.655+03:00 DEBUG 16345 --- [           main] o.s.data.convert.CustomConversions       : Adding converter from class org.bson.Document to class org.springframework.data.geo.Polygon as reading converter
2023-09-25T18:52:31.655+03:00 DEBUG 16345 --- [           main] o.s.data.convert.CustomConversions       : Adding converter from class org.bson.Document to class org.springframework.data.geo.Circle as reading converter
2023-09-25T18:52:31.655+03:00 DEBUG 16345 --- [           main] o.s.data.convert.CustomConversions       : Adding converter from class org.bson.Document to class org.springframework.data.mongodb.core.geo.Sphere as reading converter
2023-09-25T18:52:31.655+03:00 DEBUG 16345 --- [           main] o.s.data.convert.CustomConversions       : Adding converter from class org.bson.Document to class org.springframework.data.geo.Point as reading converter
2023-09-25T18:52:31.655+03:00 DEBUG 16345 --- [           main] o.s.data.convert.CustomConversions       : Adding converter from class org.springframework.data.geo.Point to class org.bson.Document as writing converter
2023-09-25T18:52:31.655+03:00 DEBUG 16345 --- [           main] o.s.data.convert.CustomConversions       : Adding converter from class org.springframework.data.mongodb.core.query.GeoCommand to class org.bson.Document as writing converter
2023-09-25T18:52:31.655+03:00 DEBUG 16345 --- [           main] o.s.data.convert.CustomConversions       : Adding converter from interface org.springframework.data.mongodb.core.geo.GeoJson to class org.bson.Document as writing converter
2023-09-25T18:52:31.655+03:00 DEBUG 16345 --- [           main] o.s.data.convert.CustomConversions       : Adding converter from class org.springframework.data.mongodb.core.geo.GeoJsonPoint to class org.bson.Document as writing converter
2023-09-25T18:52:31.655+03:00 DEBUG 16345 --- [           main] o.s.data.convert.CustomConversions       : Adding converter from class org.springframework.data.mongodb.core.geo.GeoJsonPolygon to class org.bson.Document as writing converter
2023-09-25T18:52:31.655+03:00 DEBUG 16345 --- [           main] o.s.data.convert.CustomConversions       : Adding converter from class org.bson.Document to class org.springframework.data.mongodb.core.geo.GeoJsonPoint as reading converter
2023-09-25T18:52:31.656+03:00 DEBUG 16345 --- [           main] o.s.data.convert.CustomConversions       : Adding converter from class org.bson.Document to class org.springframework.data.mongodb.core.geo.GeoJsonPolygon as reading converter
2023-09-25T18:52:31.656+03:00 DEBUG 16345 --- [           main] o.s.data.convert.CustomConversions       : Adding converter from class org.bson.Document to class org.springframework.data.mongodb.core.geo.GeoJsonLineString as reading converter
2023-09-25T18:52:31.656+03:00 DEBUG 16345 --- [           main] o.s.data.convert.CustomConversions       : Adding converter from class org.bson.Document to class org.springframework.data.mongodb.core.geo.GeoJsonMultiLineString as reading converter
2023-09-25T18:52:31.656+03:00 DEBUG 16345 --- [           main] o.s.data.convert.CustomConversions       : Adding converter from class org.bson.Document to class org.springframework.data.mongodb.core.geo.GeoJsonMultiPoint as reading converter
2023-09-25T18:52:31.656+03:00 DEBUG 16345 --- [           main] o.s.data.convert.CustomConversions       : Adding converter from class org.bson.Document to class org.springframework.data.mongodb.core.geo.GeoJsonMultiPolygon as reading converter
2023-09-25T18:52:31.656+03:00 DEBUG 16345 --- [           main] o.s.data.convert.CustomConversions       : Adding converter from class org.bson.Document to class org.springframework.data.mongodb.core.geo.GeoJsonGeometryCollection as reading converter
2023-09-25T18:52:31.656+03:00 DEBUG 16345 --- [           main] o.s.data.convert.CustomConversions       : Adding converter from class org.bson.Document to interface org.springframework.data.mongodb.core.geo.GeoJson as reading converter
2023-09-25T18:52:31.656+03:00 DEBUG 16345 --- [           main] o.s.data.convert.CustomConversions       : Adding converter from class java.util.Date to class java.time.LocalDateTime as reading converter
2023-09-25T18:52:31.656+03:00 DEBUG 16345 --- [           main] o.s.data.convert.CustomConversions       : Adding converter from class java.time.LocalDateTime to class java.util.Date as writing converter
2023-09-25T18:52:31.656+03:00 DEBUG 16345 --- [           main] o.s.data.convert.CustomConversions       : Adding converter from class java.util.Date to class java.time.LocalDate as reading converter
2023-09-25T18:52:31.656+03:00 DEBUG 16345 --- [           main] o.s.data.convert.CustomConversions       : Adding converter from class java.time.LocalDate to class java.util.Date as writing converter
2023-09-25T18:52:31.656+03:00 DEBUG 16345 --- [           main] o.s.data.convert.CustomConversions       : Adding converter from class java.util.Date to class java.time.LocalTime as reading converter
2023-09-25T18:52:31.656+03:00 DEBUG 16345 --- [           main] o.s.data.convert.CustomConversions       : Adding converter from class java.time.LocalTime to class java.util.Date as writing converter
2023-09-25T18:52:31.656+03:00 DEBUG 16345 --- [           main] o.s.data.convert.CustomConversions       : Adding converter from class java.util.Date to class java.time.Instant as reading converter
2023-09-25T18:52:31.656+03:00 DEBUG 16345 --- [           main] o.s.data.convert.CustomConversions       : Adding converter from class java.time.Instant to class java.util.Date as writing converter
2023-09-25T18:52:31.656+03:00 DEBUG 16345 --- [           main] o.s.data.convert.CustomConversions       : Skipping converter from class java.time.LocalDateTime to class java.time.Instant as reading converter class java.time.LocalDateTime is not a store supported simple type
2023-09-25T18:52:31.656+03:00 DEBUG 16345 --- [           main] o.s.data.convert.CustomConversions       : Skipping converter from class java.time.Instant to class java.time.LocalDateTime as reading converter class java.time.Instant is not a store supported simple type
2023-09-25T18:52:31.656+03:00 DEBUG 16345 --- [           main] o.s.data.convert.CustomConversions       : Adding converter from class java.time.ZoneId to class java.lang.String as writing converter
2023-09-25T18:52:31.656+03:00 DEBUG 16345 --- [           main] o.s.data.convert.CustomConversions       : Adding converter from class java.lang.String to class java.time.ZoneId as reading converter
2023-09-25T18:52:31.656+03:00 DEBUG 16345 --- [           main] o.s.data.convert.CustomConversions       : Adding converter from class java.time.Duration to class java.lang.String as writing converter
2023-09-25T18:52:31.656+03:00 DEBUG 16345 --- [           main] o.s.data.convert.CustomConversions       : Adding converter from class java.lang.String to class java.time.Duration as reading converter
2023-09-25T18:52:31.656+03:00 DEBUG 16345 --- [           main] o.s.data.convert.CustomConversions       : Adding converter from class java.time.Period to class java.lang.String as writing converter
2023-09-25T18:52:31.656+03:00 DEBUG 16345 --- [           main] o.s.data.convert.CustomConversions       : Adding converter from class java.lang.String to class java.time.Period as reading converter
2023-09-25T18:52:31.656+03:00 DEBUG 16345 --- [           main] o.s.data.convert.CustomConversions       : Adding converter from class java.lang.String to class java.time.LocalDate as reading converter
2023-09-25T18:52:31.656+03:00 DEBUG 16345 --- [           main] o.s.data.convert.CustomConversions       : Adding converter from class java.lang.String to class java.time.LocalDateTime as reading converter
2023-09-25T18:52:31.656+03:00 DEBUG 16345 --- [           main] o.s.data.convert.CustomConversions       : Adding converter from class java.lang.String to class java.time.Instant as reading converter
2023-09-25T18:52:31.665+03:00 DEBUG 16345 --- [           main] o.s.b.f.s.DefaultListableBeanFactory     : Autowiring by type from bean name 'mongoTemplate' via factory method to bean named 'mongoDatabaseFactory'
2023-09-25T18:52:31.665+03:00 DEBUG 16345 --- [           main] o.s.b.f.s.DefaultListableBeanFactory     : Autowiring by type from bean name 'mongoTemplate' via factory method to bean named 'mappingMongoConverter'
2023-09-25T18:52:31.671+03:00 DEBUG 16345 --- [           main] .m.c.i.MongoPersistentEntityIndexCreator : Analyzing class class com.example.letsplay.domain.User for index information
2023-09-25T18:52:31.691+03:00  INFO 16345 --- [           main] org.mongodb.driver.cluster               : No server chosen by com.mongodb.client.internal.MongoClientDelegate$$Lambda$1082/0x000000700150dd08@1bbddada from cluster description ClusterDescription{type=REPLICA_SET, connectionMode=MULTIPLE, serverDescriptions=[ServerDescription{address=ac-xdqygjm-shard-00-01.njd6gsr.mongodb.net:27017, type=UNKNOWN, state=CONNECTING}, ServerDescription{address=ac-xdqygjm-shard-00-00.njd6gsr.mongodb.net:27017, type=UNKNOWN, state=CONNECTING}, ServerDescription{address=ac-xdqygjm-shard-00-02.njd6gsr.mongodb.net:27017, type=UNKNOWN, state=CONNECTING}]}. Waiting for 30000 ms before timing out
2023-09-25T18:52:31.887+03:00  INFO 16345 --- [ngodb.net:27017] org.mongodb.driver.cluster               : Monitor thread successfully connected to server with description ServerDescription{address=ac-xdqygjm-shard-00-01.njd6gsr.mongodb.net:27017, type=REPLICA_SET_PRIMARY, state=CONNECTED, ok=true, minWireVersion=0, maxWireVersion=17, maxDocumentSize=16777216, logicalSessionTimeoutMinutes=30, roundTripTimeNanos=94576250, setName='atlas-tsue3k-shard-0', canonicalAddress=ac-xdqygjm-shard-00-01.njd6gsr.mongodb.net:27017, hosts=[ac-xdqygjm-shard-00-00.njd6gsr.mongodb.net:27017, ac-xdqygjm-shard-00-01.njd6gsr.mongodb.net:27017, ac-xdqygjm-shard-00-02.njd6gsr.mongodb.net:27017], passives=[], arbiters=[], primary='ac-xdqygjm-shard-00-01.njd6gsr.mongodb.net:27017', tagSet=TagSet{[Tag{name='nodeType', value='ELECTABLE'}, Tag{name='provider', value='AWS'}, Tag{name='region', value='EU_NORTH_1'}, Tag{name='workloadType', value='OPERATIONAL'}]}, electionId=7fffffff000000000000005d, setVersion=2, topologyVersion=TopologyVersion{processId=650c53281c2127389492f543, counter=6}, lastWriteDate=Mon Sep 25 18:52:31 EEST 2023, lastUpdateTimeNanos=1863033489858541}
2023-09-25T18:52:31.887+03:00  INFO 16345 --- [ngodb.net:27017] org.mongodb.driver.cluster               : Monitor thread successfully connected to server with description ServerDescription{address=ac-xdqygjm-shard-00-02.njd6gsr.mongodb.net:27017, type=REPLICA_SET_SECONDARY, state=CONNECTED, ok=true, minWireVersion=0, maxWireVersion=17, maxDocumentSize=16777216, logicalSessionTimeoutMinutes=30, roundTripTimeNanos=105093916, setName='atlas-tsue3k-shard-0', canonicalAddress=ac-xdqygjm-shard-00-02.njd6gsr.mongodb.net:27017, hosts=[ac-xdqygjm-shard-00-00.njd6gsr.mongodb.net:27017, ac-xdqygjm-shard-00-01.njd6gsr.mongodb.net:27017, ac-xdqygjm-shard-00-02.njd6gsr.mongodb.net:27017], passives=[], arbiters=[], primary='ac-xdqygjm-shard-00-01.njd6gsr.mongodb.net:27017', tagSet=TagSet{[Tag{name='nodeType', value='ELECTABLE'}, Tag{name='provider', value='AWS'}, Tag{name='region', value='EU_NORTH_1'}, Tag{name='workloadType', value='OPERATIONAL'}]}, electionId=null, setVersion=2, topologyVersion=TopologyVersion{processId=650c5436ee0c58c6ca675673, counter=3}, lastWriteDate=Mon Sep 25 18:52:31 EEST 2023, lastUpdateTimeNanos=1863033489835791}
2023-09-25T18:52:31.887+03:00  INFO 16345 --- [ngodb.net:27017] org.mongodb.driver.cluster               : Monitor thread successfully connected to server with description ServerDescription{address=ac-xdqygjm-shard-00-00.njd6gsr.mongodb.net:27017, type=REPLICA_SET_SECONDARY, state=CONNECTED, ok=true, minWireVersion=0, maxWireVersion=17, maxDocumentSize=16777216, logicalSessionTimeoutMinutes=30, roundTripTimeNanos=119694875, setName='atlas-tsue3k-shard-0', canonicalAddress=ac-xdqygjm-shard-00-00.njd6gsr.mongodb.net:27017, hosts=[ac-xdqygjm-shard-00-00.njd6gsr.mongodb.net:27017, ac-xdqygjm-shard-00-01.njd6gsr.mongodb.net:27017, ac-xdqygjm-shard-00-02.njd6gsr.mongodb.net:27017], passives=[], arbiters=[], primary='ac-xdqygjm-shard-00-01.njd6gsr.mongodb.net:27017', tagSet=TagSet{[Tag{name='nodeType', value='ELECTABLE'}, Tag{name='provider', value='AWS'}, Tag{name='region', value='EU_NORTH_1'}, Tag{name='workloadType', value='OPERATIONAL'}]}, electionId=null, setVersion=2, topologyVersion=TopologyVersion{processId=650c522219b46504041a52a7, counter=4}, lastWriteDate=Mon Sep 25 18:52:31 EEST 2023, lastUpdateTimeNanos=1863033489829416}
2023-09-25T18:52:31.888+03:00  INFO 16345 --- [ngodb.net:27017] org.mongodb.driver.cluster               : Discovered replica set primary ac-xdqygjm-shard-00-01.njd6gsr.mongodb.net:27017 with max election id 7fffffff000000000000005d and max set version 2
2023-09-25T18:52:32.017+03:00 DEBUG 16345 --- [           main] .m.c.i.MongoPersistentEntityIndexCreator : Analyzing class class com.example.letsplay.domain.Product for index information
2023-09-25T18:52:32.027+03:00 DEBUG 16345 --- [           main] o.s.d.r.c.s.RepositoryFactorySupport     : Initializing repository instance for com.example.letsplay.repository.UserRepository…
2023-09-25T18:52:32.048+03:00 DEBUG 16345 --- [           main] o.s.d.r.c.s.RepositoryFactorySupport     : Finished creation of repository instance for com.example.letsplay.repository.UserRepository.
2023-09-25T18:52:32.048+03:00 DEBUG 16345 --- [           main] o.s.b.f.s.DefaultListableBeanFactory     : Creating shared instance of singleton bean 'passwordEncoder'
2023-09-25T18:52:32.048+03:00 DEBUG 16345 --- [           main] o.s.b.f.s.DefaultListableBeanFactory     : Creating shared instance of singleton bean 'applicationConfig'
2023-09-25T18:52:32.049+03:00 DEBUG 16345 --- [           main] o.s.b.f.s.DefaultListableBeanFactory     : Autowiring by type from bean name 'applicationConfig' via constructor to bean named 'userRepository'
2023-09-25T18:52:32.050+03:00 DEBUG 16345 --- [           main] o.s.b.f.s.DefaultListableBeanFactory     : Creating shared instance of singleton bean 'jwtService'
2023-09-25T18:52:32.050+03:00 DEBUG 16345 --- [           main] o.s.b.f.s.DefaultListableBeanFactory     : Creating shared instance of singleton bean 'authenticationManager'
2023-09-25T18:52:32.050+03:00 DEBUG 16345 --- [           main] o.s.b.f.s.DefaultListableBeanFactory     : Creating shared instance of singleton bean 'org.springframework.security.config.annotation.authentication.configuration.AuthenticationConfiguration'
2023-09-25T18:52:32.052+03:00 DEBUG 16345 --- [           main] o.s.b.f.s.DefaultListableBeanFactory     : Creating shared instance of singleton bean 'enableGlobalAuthenticationAutowiredConfigurer'
2023-09-25T18:52:32.052+03:00 DEBUG 16345 --- [           main] o.s.b.f.s.DefaultListableBeanFactory     : Autowiring by type from bean name 'enableGlobalAuthenticationAutowiredConfigurer' via factory method to bean named 'org.springframework.web.context.support.GenericWebApplicationContext@ec0c838'
2023-09-25T18:52:32.052+03:00 DEBUG 16345 --- [           main] o.s.b.f.s.DefaultListableBeanFactory     : Creating shared instance of singleton bean 'initializeUserDetailsBeanManagerConfigurer'
2023-09-25T18:52:32.052+03:00 DEBUG 16345 --- [           main] o.s.b.f.s.DefaultListableBeanFactory     : Autowiring by type from bean name 'initializeUserDetailsBeanManagerConfigurer' via factory method to bean named 'org.springframework.web.context.support.GenericWebApplicationContext@ec0c838'
2023-09-25T18:52:32.052+03:00 DEBUG 16345 --- [           main] o.s.b.f.s.DefaultListableBeanFactory     : Creating shared instance of singleton bean 'initializeAuthenticationProviderBeanManagerConfigurer'
2023-09-25T18:52:32.052+03:00 DEBUG 16345 --- [           main] o.s.b.f.s.DefaultListableBeanFactory     : Autowiring by type from bean name 'initializeAuthenticationProviderBeanManagerConfigurer' via factory method to bean named 'org.springframework.web.context.support.GenericWebApplicationContext@ec0c838'
2023-09-25T18:52:32.053+03:00 DEBUG 16345 --- [           main] o.s.b.f.s.DefaultListableBeanFactory     : Creating shared instance of singleton bean 'objectPostProcessor'
2023-09-25T18:52:32.053+03:00 DEBUG 16345 --- [           main] o.s.b.f.s.DefaultListableBeanFactory     : Creating shared instance of singleton bean 'org.springframework.security.config.annotation.configuration.ObjectPostProcessorConfiguration'
2023-09-25T18:52:32.053+03:00 DEBUG 16345 --- [           main] o.s.b.f.s.DefaultListableBeanFactory     : Autowiring by type from bean name 'objectPostProcessor' via factory method to bean named 'org.springframework.beans.factory.support.DefaultListableBeanFactory@7674a051'
2023-09-25T18:52:32.053+03:00 DEBUG 16345 --- [           main] o.s.b.f.s.DefaultListableBeanFactory     : Autowiring by type from bean name 'authenticationManager' via factory method to bean named 'org.springframework.security.config.annotation.authentication.configuration.AuthenticationConfiguration'
2023-09-25T18:52:32.054+03:00 DEBUG 16345 --- [           main] o.s.b.f.s.DefaultListableBeanFactory     : Creating shared instance of singleton bean 'authenticationManagerBuilder'
2023-09-25T18:52:32.054+03:00 DEBUG 16345 --- [           main] o.s.b.f.s.DefaultListableBeanFactory     : Autowiring by type from bean name 'authenticationManagerBuilder' via factory method to bean named 'objectPostProcessor'
2023-09-25T18:52:32.054+03:00 DEBUG 16345 --- [           main] o.s.b.f.s.DefaultListableBeanFactory     : Autowiring by type from bean name 'authenticationManagerBuilder' via factory method to bean named 'org.springframework.web.context.support.GenericWebApplicationContext@ec0c838'
2023-09-25T18:52:32.054+03:00 DEBUG 16345 --- [           main] o.s.b.f.s.DefaultListableBeanFactory     : Creating shared instance of singleton bean 'authenticationEventPublisher'
2023-09-25T18:52:32.054+03:00 DEBUG 16345 --- [           main] o.s.b.f.s.DefaultListableBeanFactory     : Creating shared instance of singleton bean 'org.springframework.boot.autoconfigure.security.servlet.SecurityAutoConfiguration'
2023-09-25T18:52:32.054+03:00 DEBUG 16345 --- [           main] o.s.b.f.s.DefaultListableBeanFactory     : Autowiring by type from bean name 'authenticationEventPublisher' via factory method to bean named 'org.springframework.web.context.support.GenericWebApplicationContext@ec0c838'
2023-09-25T18:52:32.058+03:00 DEBUG 16345 --- [           main] o.s.b.f.s.DefaultListableBeanFactory     : Creating shared instance of singleton bean 'securityConfig'
2023-09-25T18:52:32.059+03:00 DEBUG 16345 --- [           main] o.s.b.f.s.DefaultListableBeanFactory     : Creating shared instance of singleton bean 'jwtAuthenticationFilter'
2023-09-25T18:52:32.059+03:00 DEBUG 16345 --- [           main] o.s.b.f.s.DefaultListableBeanFactory     : Creating shared instance of singleton bean 'userDetailsService'
2023-09-25T18:52:32.059+03:00 DEBUG 16345 --- [           main] o.s.b.f.s.DefaultListableBeanFactory     : Autowiring by type from bean name 'jwtAuthenticationFilter' via constructor to bean named 'jwtService'
2023-09-25T18:52:32.059+03:00 DEBUG 16345 --- [           main] o.s.b.f.s.DefaultListableBeanFactory     : Autowiring by type from bean name 'jwtAuthenticationFilter' via constructor to bean named 'userDetailsService'
2023-09-25T18:52:32.060+03:00 DEBUG 16345 --- [           main] o.s.b.f.s.DefaultListableBeanFactory     : Creating shared instance of singleton bean 'authenticationProvider'
2023-09-25T18:52:32.064+03:00 DEBUG 16345 --- [           main] o.s.b.f.s.DefaultListableBeanFactory     : Autowiring by type from bean name 'securityConfig' via constructor to bean named 'jwtAuthenticationFilter'
2023-09-25T18:52:32.064+03:00 DEBUG 16345 --- [           main] o.s.b.f.s.DefaultListableBeanFactory     : Autowiring by type from bean name 'securityConfig' via constructor to bean named 'authenticationProvider'
2023-09-25T18:52:32.065+03:00 DEBUG 16345 --- [           main] o.s.b.f.s.DefaultListableBeanFactory     : Autowiring by type from bean name 'authenticationService' via constructor to bean named 'userRepository'
2023-09-25T18:52:32.065+03:00 DEBUG 16345 --- [           main] o.s.b.f.s.DefaultListableBeanFactory     : Autowiring by type from bean name 'authenticationService' via constructor to bean named 'passwordEncoder'
2023-09-25T18:52:32.065+03:00 DEBUG 16345 --- [           main] o.s.b.f.s.DefaultListableBeanFactory     : Autowiring by type from bean name 'authenticationService' via constructor to bean named 'jwtService'
2023-09-25T18:52:32.065+03:00 DEBUG 16345 --- [           main] o.s.b.f.s.DefaultListableBeanFactory     : Autowiring by type from bean name 'authenticationService' via constructor to bean named 'authenticationManager'
2023-09-25T18:52:32.065+03:00 DEBUG 16345 --- [           main] o.s.b.f.s.DefaultListableBeanFactory     : Autowiring by type from bean name 'authenticationController' via constructor to bean named 'authenticationService'
2023-09-25T18:52:32.065+03:00 DEBUG 16345 --- [           main] o.s.b.f.s.DefaultListableBeanFactory     : Creating shared instance of singleton bean 'homeController'
2023-09-25T18:52:32.066+03:00 DEBUG 16345 --- [           main] o.s.b.f.s.DefaultListableBeanFactory     : Creating shared instance of singleton bean 'productController'
2023-09-25T18:52:32.067+03:00 DEBUG 16345 --- [           main] o.s.b.f.s.DefaultListableBeanFactory     : Creating shared instance of singleton bean 'productService'
2023-09-25T18:52:32.067+03:00 DEBUG 16345 --- [           main] o.s.b.f.s.DefaultListableBeanFactory     : Creating shared instance of singleton bean 'productRepository'
2023-09-25T18:52:32.067+03:00 DEBUG 16345 --- [           main] o.s.b.f.s.DefaultListableBeanFactory     : Creating shared instance of singleton bean 'mongo.named-queries#1'
2023-09-25T18:52:32.068+03:00 DEBUG 16345 --- [           main] o.s.b.f.s.DefaultListableBeanFactory     : Creating shared instance of singleton bean 'mongodb.ProductRepository.fragments#0'
2023-09-25T18:52:32.068+03:00 DEBUG 16345 --- [           main] o.s.d.r.c.s.RepositoryFactorySupport     : Initializing repository instance for com.example.letsplay.repository.ProductRepository…
2023-09-25T18:52:32.071+03:00 DEBUG 16345 --- [           main] o.s.d.r.c.s.RepositoryFactorySupport     : Finished creation of repository instance for com.example.letsplay.repository.ProductRepository.
2023-09-25T18:52:32.071+03:00 DEBUG 16345 --- [           main] o.s.b.f.s.DefaultListableBeanFactory     : Creating shared instance of singleton bean 'userController'
2023-09-25T18:52:32.072+03:00 DEBUG 16345 --- [           main] o.s.b.f.s.DefaultListableBeanFactory     : Creating shared instance of singleton bean 'userService'
2023-09-25T18:52:32.072+03:00 DEBUG 16345 --- [           main] o.s.b.f.s.DefaultListableBeanFactory     : Autowiring by type from bean name 'userService' via constructor to bean named 'userRepository'
2023-09-25T18:52:32.072+03:00 DEBUG 16345 --- [           main] o.s.b.f.s.DefaultListableBeanFactory     : Autowiring by type from bean name 'userService' via constructor to bean named 'passwordEncoder'
2023-09-25T18:52:32.073+03:00 DEBUG 16345 --- [           main] o.s.c.e.PropertySourcesPropertyResolver  : Found key 'admin.default.name' in PropertySource 'environmentProperties' with value of type String
2023-09-25T18:52:32.073+03:00 DEBUG 16345 --- [           main] o.s.c.e.PropertySourcesPropertyResolver  : Found key 'admin.default.email' in PropertySource 'environmentProperties' with value of type String
2023-09-25T18:52:32.073+03:00 DEBUG 16345 --- [           main] o.s.c.e.PropertySourcesPropertyResolver  : Found key 'admin.default.password' in PropertySource 'environmentProperties' with value of type String
2023-09-25T18:52:32.078+03:00 DEBUG 16345 --- [           main] o.s.d.m.r.query.MongoQueryCreator        : Created query Query: { "email" : "admin@example.com"}, Fields: {}, Sort: {}
2023-09-25T18:52:32.080+03:00 DEBUG 16345 --- [           main] o.s.data.mongodb.core.MongoTemplate      : Executing count: { "email" : "admin@example.com"} in collection: user
2023-09-25T18:52:32.097+03:00 DEBUG 16345 --- [           main] o.s.b.f.s.DefaultListableBeanFactory     : Creating shared instance of singleton bean 'globalExceptionHandler'
2023-09-25T18:52:32.098+03:00 DEBUG 16345 --- [           main] o.s.b.f.s.DefaultListableBeanFactory     : Creating shared instance of singleton bean 'org.springframework.security.config.annotation.web.configuration.WebSecurityConfiguration'
2023-09-25T18:52:32.099+03:00 DEBUG 16345 --- [           main] o.s.b.f.s.DefaultListableBeanFactory     : Creating shared instance of singleton bean 'org.springframework.security.config.annotation.web.configuration.HttpSecurityConfiguration'
2023-09-25T18:52:32.100+03:00 DEBUG 16345 --- [           main] o.s.b.f.s.DefaultListableBeanFactory     : Creating shared instance of singleton bean 'mvcContentNegotiationManager'
2023-09-25T18:52:32.100+03:00 DEBUG 16345 --- [           main] o.s.b.f.s.DefaultListableBeanFactory     : Creating shared instance of singleton bean 'org.springframework.boot.autoconfigure.web.servlet.WebMvcAutoConfiguration$EnableWebMvcConfiguration'
2023-09-25T18:52:32.101+03:00 DEBUG 16345 --- [           main] o.s.b.f.s.DefaultListableBeanFactory     : Creating shared instance of singleton bean 'spring.mvc-org.springframework.boot.autoconfigure.web.servlet.WebMvcProperties'
2023-09-25T18:52:32.103+03:00 DEBUG 16345 --- [           main] o.s.b.f.s.DefaultListableBeanFactory     : Creating shared instance of singleton bean 'spring.web-org.springframework.boot.autoconfigure.web.WebProperties'
2023-09-25T18:52:32.104+03:00 DEBUG 16345 --- [           main] o.s.b.f.s.DefaultListableBeanFactory     : Autowiring by type from bean name 'org.springframework.boot.autoconfigure.web.servlet.WebMvcAutoConfiguration$EnableWebMvcConfiguration' via constructor to bean named 'spring.mvc-org.springframework.boot.autoconfigure.web.servlet.WebMvcProperties'
2023-09-25T18:52:32.104+03:00 DEBUG 16345 --- [           main] o.s.b.f.s.DefaultListableBeanFactory     : Autowiring by type from bean name 'org.springframework.boot.autoconfigure.web.servlet.WebMvcAutoConfiguration$EnableWebMvcConfiguration' via constructor to bean named 'spring.web-org.springframework.boot.autoconfigure.web.WebProperties'
2023-09-25T18:52:32.104+03:00 DEBUG 16345 --- [           main] o.s.b.f.s.DefaultListableBeanFactory     : Autowiring by type from bean name 'org.springframework.boot.autoconfigure.web.servlet.WebMvcAutoConfiguration$EnableWebMvcConfiguration' via constructor to bean named 'org.springframework.beans.factory.support.DefaultListableBeanFactory@7674a051'
2023-09-25T18:52:32.105+03:00 DEBUG 16345 --- [           main] o.s.b.f.s.DefaultListableBeanFactory     : Creating shared instance of singleton bean 'org.springframework.security.config.annotation.web.configuration.WebMvcSecurityConfiguration'
2023-09-25T18:52:32.106+03:00 DEBUG 16345 --- [           main] o.s.b.f.s.DefaultListableBeanFactory     : Creating shared instance of singleton bean 'org.springframework.boot.autoconfigure.web.servlet.WebMvcAutoConfiguration$WebMvcAutoConfigurationAdapter'
2023-09-25T18:52:32.106+03:00 DEBUG 16345 --- [           main] o.s.b.f.s.DefaultListableBeanFactory     : Autowiring by type from bean name 'org.springframework.boot.autoconfigure.web.servlet.WebMvcAutoConfiguration$WebMvcAutoConfigurationAdapter' via constructor to bean named 'spring.web-org.springframework.boot.autoconfigure.web.WebProperties'
2023-09-25T18:52:32.106+03:00 DEBUG 16345 --- [           main] o.s.b.f.s.DefaultListableBeanFactory     : Autowiring by type from bean name 'org.springframework.boot.autoconfigure.web.servlet.WebMvcAutoConfiguration$WebMvcAutoConfigurationAdapter' via constructor to bean named 'spring.mvc-org.springframework.boot.autoconfigure.web.servlet.WebMvcProperties'
2023-09-25T18:52:32.106+03:00 DEBUG 16345 --- [           main] o.s.b.f.s.DefaultListableBeanFactory     : Autowiring by type from bean name 'org.springframework.boot.autoconfigure.web.servlet.WebMvcAutoConfiguration$WebMvcAutoConfigurationAdapter' via constructor to bean named 'org.springframework.beans.factory.support.DefaultListableBeanFactory@7674a051'
2023-09-25T18:52:32.106+03:00 DEBUG 16345 --- [           main] o.s.b.f.s.DefaultListableBeanFactory     : Creating shared instance of singleton bean 'org.springframework.data.web.config.SpringDataWebConfiguration'
2023-09-25T18:52:32.107+03:00 DEBUG 16345 --- [           main] o.s.b.f.s.DefaultListableBeanFactory     : Autowiring by type from bean name 'org.springframework.data.web.config.SpringDataWebConfiguration' via constructor to bean named 'org.springframework.web.context.support.GenericWebApplicationContext@ec0c838'
2023-09-25T18:52:32.127+03:00 DEBUG 16345 --- [           main] o.s.b.f.s.DefaultListableBeanFactory     : Creating shared instance of singleton bean 'securityFilterChain'
2023-09-25T18:52:32.127+03:00 DEBUG 16345 --- [           main] o.s.b.f.s.DefaultListableBeanFactory     : Autowiring by type from bean name 'securityFilterChain' via factory method to bean named 'org.springframework.security.config.annotation.web.configuration.HttpSecurityConfiguration.httpSecurity'
2023-09-25T18:52:32.133+03:00  INFO 16345 --- [           main] o.s.s.web.DefaultSecurityFilterChain     : Will secure any request with [org.springframework.security.web.session.DisableEncodeUrlFilter@5002fde9, org.springframework.security.web.context.request.async.WebAsyncManagerIntegrationFilter@6f96dd64, org.springframework.security.web.context.SecurityContextHolderFilter@28f154cc, org.springframework.security.web.header.HeaderWriterFilter@79ab97fd, org.springframework.security.web.authentication.logout.LogoutFilter@25f0c5e7, com.example.letsplay.config.JwtAuthenticationFilter@4d7cac24, org.springframework.security.web.savedrequest.RequestCacheAwareFilter@6af78a48, org.springframework.security.web.servletapi.SecurityContextHolderAwareRequestFilter@2ec85a25, org.springframework.security.web.authentication.AnonymousAuthenticationFilter@409732fb, org.springframework.security.web.session.SessionManagementFilter@19002b34, org.springframework.security.web.access.ExceptionTranslationFilter@74123110, org.springframework.security.web.access.intercept.AuthorizationFilter@20a3e10c]
2023-09-25T18:52:32.134+03:00 DEBUG 16345 --- [           main] o.s.b.f.s.DefaultListableBeanFactory     : Creating shared instance of singleton bean 'springSecurityFilterChain'
2023-09-25T18:52:32.136+03:00 DEBUG 16345 --- [           main] o.s.b.f.s.DefaultListableBeanFactory     : Creating shared instance of singleton bean 'webSecurityExpressionHandler'
2023-09-25T18:52:32.136+03:00 DEBUG 16345 --- [           main] o.s.b.f.s.DefaultListableBeanFactory     : Creating shared instance of singleton bean 'privilegeEvaluator'
2023-09-25T18:52:32.136+03:00 DEBUG 16345 --- [           main] o.s.b.f.s.DefaultListableBeanFactory     : Creating shared instance of singleton bean 'requestDataValueProcessor'
2023-09-25T18:52:32.137+03:00 DEBUG 16345 --- [           main] o.s.b.f.s.DefaultListableBeanFactory     : Creating shared instance of singleton bean 'org.springframework.boot.autoconfigure.context.PropertyPlaceholderAutoConfiguration'
2023-09-25T18:52:32.137+03:00 DEBUG 16345 --- [           main] o.s.b.f.s.DefaultListableBeanFactory     : Creating shared instance of singleton bean 'org.springframework.boot.autoconfigure.websocket.servlet.WebSocketServletAutoConfiguration$TomcatWebSocketConfiguration'
2023-09-25T18:52:32.137+03:00 DEBUG 16345 --- [           main] o.s.b.f.s.DefaultListableBeanFactory     : Creating shared instance of singleton bean 'websocketServletWebServerCustomizer'
2023-09-25T18:52:32.138+03:00 DEBUG 16345 --- [           main] o.s.b.f.s.DefaultListableBeanFactory     : Creating shared instance of singleton bean 'org.springframework.boot.autoconfigure.websocket.servlet.WebSocketServletAutoConfiguration'
2023-09-25T18:52:32.138+03:00 DEBUG 16345 --- [           main] o.s.b.f.s.DefaultListableBeanFactory     : Creating shared instance of singleton bean 'org.springframework.boot.autoconfigure.web.servlet.ServletWebServerFactoryConfiguration$EmbeddedTomcat'
2023-09-25T18:52:32.138+03:00 DEBUG 16345 --- [           main] o.s.b.f.s.DefaultListableBeanFactory     : Creating shared instance of singleton bean 'tomcatServletWebServerFactory'
2023-09-25T18:52:32.152+03:00 DEBUG 16345 --- [           main] o.s.b.f.s.DefaultListableBeanFactory     : Creating shared instance of singleton bean 'servletWebServerFactoryCustomizer'
2023-09-25T18:52:32.152+03:00 DEBUG 16345 --- [           main] o.s.b.f.s.DefaultListableBeanFactory     : Creating shared instance of singleton bean 'org.springframework.boot.autoconfigure.web.servlet.ServletWebServerFactoryAutoConfiguration'
2023-09-25T18:52:32.152+03:00 DEBUG 16345 --- [           main] o.s.b.f.s.DefaultListableBeanFactory     : Creating shared instance of singleton bean 'server-org.springframework.boot.autoconfigure.web.ServerProperties'
2023-09-25T18:52:32.157+03:00 DEBUG 16345 --- [           main] o.s.b.f.s.DefaultListableBeanFactory     : Autowiring by type from bean name 'servletWebServerFactoryCustomizer' via factory method to bean named 'server-org.springframework.boot.autoconfigure.web.ServerProperties'
2023-09-25T18:52:32.158+03:00 DEBUG 16345 --- [           main] o.s.b.f.s.DefaultListableBeanFactory     : Creating shared instance of singleton bean 'tomcatServletWebServerFactoryCustomizer'
2023-09-25T18:52:32.158+03:00 DEBUG 16345 --- [           main] o.s.b.f.s.DefaultListableBeanFactory     : Autowiring by type from bean name 'tomcatServletWebServerFactoryCustomizer' via factory method to bean named 'server-org.springframework.boot.autoconfigure.web.ServerProperties'
2023-09-25T18:52:32.158+03:00 DEBUG 16345 --- [           main] o.s.b.f.s.DefaultListableBeanFactory     : Creating shared instance of singleton bean 'localeCharsetMappingsCustomizer'
2023-09-25T18:52:32.158+03:00 DEBUG 16345 --- [           main] o.s.b.f.s.DefaultListableBeanFactory     : Creating shared instance of singleton bean 'org.springframework.boot.autoconfigure.web.servlet.HttpEncodingAutoConfiguration'
[...]
      Did not match:
         - @ConditionalOnClass did not find required class 'io.r2dbc.spi.ConnectionFactory' (OnClassCondition)

   R2dbcTransactionManagerAutoConfiguration:
      Did not match:
         - @ConditionalOnClass did not find required class 'org.springframework.r2dbc.connection.R2dbcTransactionManager' (OnClassCondition)

   RSocketGraphQlClientAutoConfiguration:
      Did not match:
         - @ConditionalOnClass did not find required class 'graphql.GraphQL' (OnClassCondition)

   RSocketMessagingAutoConfiguration:
      Did not match:
         - @ConditionalOnClass did not find required class 'io.rsocket.RSocket' (OnClassCondition)

   RSocketRequesterAutoConfiguration:
      Did not match:
         - @ConditionalOnClass did not find required class 'io.rsocket.RSocket' (OnClassCondition)

   RSocketSecurityAutoConfiguration:
      Did not match:
         - @ConditionalOnClass did not find required class 'org.springframework.security.rsocket.core.SecuritySocketAcceptorInterceptor' (OnClassCondition)

   RSocketServerAutoConfiguration:
      Did not match:
         - @ConditionalOnClass did not find required class 'io.rsocket.core.RSocketServer' (OnClassCondition)

   RSocketStrategiesAutoConfiguration:
      Did not match:
         - @ConditionalOnClass did not find required class 'io.netty.buffer.PooledByteBufAllocator' (OnClassCondition)

   RabbitAutoConfiguration:
      Did not match:
         - @ConditionalOnClass did not find required class 'com.rabbitmq.client.Channel' (OnClassCondition)

   ReactiveElasticsearchClientAutoConfiguration:
      Did not match:
         - @ConditionalOnClass did not find required class 'co.elastic.clients.transport.ElasticsearchTransport' (OnClassCondition)

   ReactiveElasticsearchRepositoriesAutoConfiguration:
      Did not match:
         - @ConditionalOnClass did not find required class 'org.springframework.data.elasticsearch.client.elc.ReactiveElasticsearchClient' (OnClassCondition)

   ReactiveMultipartAutoConfiguration:
      Did not match:
         - @ConditionalOnClass did not find required class 'org.springframework.web.reactive.config.WebFluxConfigurer' (OnClassCondition)

   ReactiveOAuth2ClientAutoConfiguration:
      Did not match:
         - @ConditionalOnClass did not find required class 'reactor.core.publisher.Flux' (OnClassCondition)

   ReactiveOAuth2ResourceServerAutoConfiguration:
      Did not match:
         - @ConditionalOnWebApplication did not find reactive web application classes (OnWebApplicationCondition)

   ReactiveSecurityAutoConfiguration:
      Did not match:
         - @ConditionalOnClass did not find required class 'reactor.core.publisher.Flux' (OnClassCondition)

   ReactiveUserDetailsServiceAutoConfiguration:
      Did not match:
         - AnyNestedCondition 0 matched 2 did not; NestedCondition on ReactiveUserDetailsServiceAutoConfiguration.ReactiveUserDetailsServiceCondition.ReactiveWebApplicationCondition did not find reactive web application classes; NestedCondition on ReactiveUserDetailsServiceAutoConfiguration.ReactiveUserDetailsServiceCondition.RSocketSecurityEnabledCondition @ConditionalOnBean (types: org.springframework.messaging.rsocket.annotation.support.RSocketMessageHandler; SearchStrategy: all) did not find any beans of type org.springframework.messaging.rsocket.annotation.support.RSocketMessageHandler (ReactiveUserDetailsServiceAutoConfiguration.ReactiveUserDetailsServiceCondition)
      Matched:
         - @ConditionalOnClass found required class 'org.springframework.security.authentication.ReactiveAuthenticationManager' (OnClassCondition)

   ReactiveWebServerFactoryAutoConfiguration:
      Did not match:
         - @ConditionalOnWebApplication did not find reactive web application classes (OnWebApplicationCondition)

   RedisAutoConfiguration:
      Did not match:
         - @ConditionalOnClass did not find required class 'org.springframework.data.redis.core.RedisOperations' (OnClassCondition)

   RedisCacheConfiguration:
      Did not match:
         - @ConditionalOnClass did not find required class 'org.springframework.data.redis.connection.RedisConnectionFactory' (OnClassCondition)

   RedisReactiveAutoConfiguration:
      Did not match:
         - @ConditionalOnClass did not find required class 'reactor.core.publisher.Flux' (OnClassCondition)

   RedisRepositoriesAutoConfiguration:
      Did not match:
         - @ConditionalOnClass did not find required class 'org.springframework.data.redis.repository.configuration.EnableRedisRepositories' (OnClassCondition)

   RepositoryRestMvcAutoConfiguration:
      Did not match:
         - @ConditionalOnClass did not find required class 'org.springframework.data.rest.webmvc.config.RepositoryRestMvcConfiguration' (OnClassCondition)

   Saml2RelyingPartyAutoConfiguration:
      Did not match:
         - @ConditionalOnClass did not find required class 'org.springframework.security.saml2.provider.service.registration.RelyingPartyRegistrationRepository' (OnClassCondition)

   SecurityDataConfiguration:
      Did not match:
         - @ConditionalOnClass did not find required class 'org.springframework.security.data.repository.query.SecurityEvaluationContextExtension' (OnClassCondition)

   SendGridAutoConfiguration:
      Did not match:
         - @ConditionalOnClass did not find required class 'com.sendgrid.SendGrid' (OnClassCondition)

   ServletWebServerFactoryAutoConfiguration.ForwardedHeaderFilterConfiguration:
      Did not match:
         - @ConditionalOnProperty (server.forward-headers-strategy=framework) did not find property 'server.forward-headers-strategy' (OnPropertyCondition)

   ServletWebServerFactoryConfiguration.EmbeddedJetty:
      Did not match:
         - @ConditionalOnClass did not find required classes 'org.eclipse.jetty.server.Server', 'org.eclipse.jetty.util.Loader', 'org.eclipse.jetty.webapp.WebAppContext' (OnClassCondition)

   ServletWebServerFactoryConfiguration.EmbeddedUndertow:
      Did not match:
         - @ConditionalOnClass did not find required classes 'io.undertow.Undertow', 'org.xnio.SslClientAuthMode' (OnClassCondition)

   SessionAutoConfiguration:
      Did not match:
         - @ConditionalOnClass did not find required class 'org.springframework.session.Session' (OnClassCondition)

   SpringApplicationAdminJmxAutoConfiguration:
      Did not match:
         - @ConditionalOnProperty (spring.application.admin.enabled=true) did not find property 'enabled' (OnPropertyCondition)

   SpringBootWebSecurityConfiguration.SecurityFilterChainConfiguration:
      Did not match:
         - AllNestedConditions 1 matched 1 did not; NestedCondition on DefaultWebSecurityCondition.Beans @ConditionalOnMissingBean (types: org.springframework.security.web.SecurityFilterChain; SearchStrategy: all) found beans of type 'org.springframework.security.web.SecurityFilterChain' securityFilterChain; NestedCondition on DefaultWebSecurityCondition.Classes @ConditionalOnClass found required classes 'org.springframework.security.web.SecurityFilterChain', 'org.springframework.security.config.annotation.web.builders.HttpSecurity' (DefaultWebSecurityCondition)

   SpringBootWebSecurityConfiguration.WebSecurityEnablerConfiguration:
      Did not match:
         - @ConditionalOnMissingBean (names: springSecurityFilterChain; SearchStrategy: all) found beans named springSecurityFilterChain (OnBeanCondition)
      Matched:
         - @ConditionalOnClass found required class 'org.springframework.security.config.annotation.web.configuration.EnableWebSecurity' (OnClassCondition)

   TaskSchedulingAutoConfiguration#scheduledBeanLazyInitializationExcludeFilter:
      Did not match:
         - @ConditionalOnBean (names: org.springframework.context.annotation.internalScheduledAnnotationProcessor; SearchStrategy: all) did not find any beans named org.springframework.context.annotation.internalScheduledAnnotationProcessor (OnBeanCondition)

   TaskSchedulingAutoConfiguration#taskScheduler:
      Did not match:
         - @ConditionalOnBean (names: org.springframework.context.annotation.internalScheduledAnnotationProcessor; SearchStrategy: all) did not find any beans named org.springframework.context.annotation.internalScheduledAnnotationProcessor (OnBeanCondition)

   ThymeleafAutoConfiguration:
      Did not match:
         - @ConditionalOnClass did not find required class 'org.thymeleaf.spring6.SpringTemplateEngine' (OnClassCondition)

   TransactionAutoConfiguration#transactionalOperator:
      Did not match:
         - @ConditionalOnSingleCandidate (types: org.springframework.transaction.ReactiveTransactionManager; SearchStrategy: all) did not find any beans (OnBeanCondition)

   TransactionAutoConfiguration.EnableTransactionManagementConfiguration:
      Did not match:
         - @ConditionalOnBean (types: org.springframework.transaction.TransactionManager; SearchStrategy: all) did not find any beans of type org.springframework.transaction.TransactionManager (OnBeanCondition)

   TransactionAutoConfiguration.EnableTransactionManagementConfiguration.CglibAutoProxyConfiguration:
      Did not match:
         - Ancestor org.springframework.boot.autoconfigure.transaction.TransactionAutoConfiguration$EnableTransactionManagementConfiguration did not match (ConditionEvaluationReport.AncestorsMatchedCondition)
      Matched:
         - @ConditionalOnProperty (spring.aop.proxy-target-class=true) matched (OnPropertyCondition)

   TransactionAutoConfiguration.EnableTransactionManagementConfiguration.JdkDynamicAutoProxyConfiguration:
      Did not match:
         - @ConditionalOnProperty (spring.aop.proxy-target-class=false) did not find property 'proxy-target-class' (OnPropertyCondition)
         - Ancestor org.springframework.boot.autoconfigure.transaction.TransactionAutoConfiguration$EnableTransactionManagementConfiguration did not match (ConditionEvaluationReport.AncestorsMatchedCondition)

   TransactionAutoConfiguration.TransactionTemplateConfiguration:
      Did not match:
         - @ConditionalOnSingleCandidate (types: org.springframework.transaction.PlatformTransactionManager; SearchStrategy: all) did not find any beans (OnBeanCondition)

   UserDetailsServiceAutoConfiguration:
      Did not match:
         - @ConditionalOnMissingBean (types: org.springframework.security.authentication.AuthenticationManager,org.springframework.security.authentication.AuthenticationProvider,org.springframework.security.core.userdetails.UserDetailsService,org.springframework.security.authentication.AuthenticationManagerResolver,org.springframework.security.oauth2.jwt.JwtDecoder,org.springframework.security.oauth2.server.resource.introspection.OpaqueTokenIntrospector,org.springframework.security.oauth2.client.registration.ClientRegistrationRepository,org.springframework.security.saml2.provider.service.registration.RelyingPartyRegistrationRepository; SearchStrategy: all) found beans of type 'org.springframework.security.authentication.AuthenticationManager' authenticationManager and found beans of type 'org.springframework.security.core.userdetails.UserDetailsService' userDetailsService and found beans of type 'org.springframework.security.authentication.AuthenticationProvider' authenticationProvider (OnBeanCondition)
      Matched:
         - @ConditionalOnClass found required class 'org.springframework.security.authentication.AuthenticationManager' (OnClassCondition)

   WebClientAutoConfiguration:
      Did not match:
         - @ConditionalOnClass did not find required class 'org.springframework.web.reactive.function.client.WebClient' (OnClassCondition)

   WebFluxAutoConfiguration:
      Did not match:
         - @ConditionalOnClass did not find required class 'org.springframework.web.reactive.config.WebFluxConfigurer' (OnClassCondition)

   WebMvcAutoConfiguration#hiddenHttpMethodFilter:
      Did not match:
         - @ConditionalOnProperty (spring.mvc.hiddenmethod.filter.enabled) did not find property 'enabled' (OnPropertyCondition)

   WebMvcAutoConfiguration.ProblemDetailsErrorHandlingConfiguration:
      Did not match:
         - @ConditionalOnProperty (spring.mvc.problemdetails.enabled=true) did not find property 'enabled' (OnPropertyCondition)

   WebMvcAutoConfiguration.ResourceChainCustomizerConfiguration:
      Did not match:
         - @ConditionalOnEnabledResourceChain did not find class org.webjars.WebJarAssetLocator (OnEnabledResourceChainCondition)

   WebMvcAutoConfiguration.WebMvcAutoConfigurationAdapter#beanNameViewResolver:
      Did not match:
         - @ConditionalOnMissingBean (types: org.springframework.web.servlet.view.BeanNameViewResolver; SearchStrategy: all) found beans of type 'org.springframework.web.servlet.view.BeanNameViewResolver' beanNameViewResolver (OnBeanCondition)

   WebServiceTemplateAutoConfiguration:
      Did not match:
         - @ConditionalOnClass did not find required class 'org.springframework.oxm.Marshaller' (OnClassCondition)

   WebServicesAutoConfiguration:
      Did not match:
         - @ConditionalOnClass did not find required class 'org.springframework.ws.transport.http.MessageDispatcherServlet' (OnClassCondition)

   WebSessionIdResolverAutoConfiguration:
      Did not match:
         - @ConditionalOnClass did not find required class 'reactor.core.publisher.Mono' (OnClassCondition)

   WebSocketMessagingAutoConfiguration:
      Did not match:
         - @ConditionalOnClass did not find required class 'org.springframework.web.socket.config.annotation.WebSocketMessageBrokerConfigurer' (OnClassCondition)

   WebSocketReactiveAutoConfiguration:
      Did not match:
         - @ConditionalOnWebApplication did not find reactive web application classes (OnWebApplicationCondition)

   WebSocketServletAutoConfiguration.JettyWebSocketConfiguration:
      Did not match:
         - @ConditionalOnClass did not find required class 'org.eclipse.jetty.websocket.jakarta.server.config.JakartaWebSocketServletContainerInitializer' (OnClassCondition)

   WebSocketServletAutoConfiguration.UndertowWebSocketConfiguration:
      Did not match:
         - @ConditionalOnClass did not find required class 'io.undertow.websockets.jsr.Bootstrap' (OnClassCondition)

   XADataSourceAutoConfiguration:
      Did not match:
         - @ConditionalOnClass did not find required class 'jakarta.transaction.TransactionManager' (OnClassCondition)


Exclusions:
-----------

    None


Unconditional classes:
----------------------

    org.springframework.boot.autoconfigure.context.ConfigurationPropertiesAutoConfiguration

    org.springframework.boot.autoconfigure.ssl.SslAutoConfiguration

    org.springframework.boot.autoconfigure.context.LifecycleAutoConfiguration

    org.springframework.boot.autoconfigure.context.PropertyPlaceholderAutoConfiguration

    org.springframework.boot.autoconfigure.availability.ApplicationAvailabilityAutoConfiguration

    org.springframework.boot.autoconfigure.info.ProjectInfoAutoConfiguration



2023-09-25T18:52:32.288+03:00  INFO 16345 --- [           main] c.e.letsplay.LetsPlayApplicationTests    : Started LetsPlayApplicationTests in 1.257 seconds (process running for 1.596)
2023-09-25T18:52:32.290+03:00 DEBUG 16345 --- [           main] o.s.b.a.ApplicationAvailabilityBean      : Application availability state LivenessState changed to CORRECT
2023-09-25T18:52:32.290+03:00 DEBUG 16345 --- [           main] o.s.b.a.ApplicationAvailabilityBean      : Application availability state ReadinessState changed to ACCEPTING_TRAFFIC
2023-09-25T18:52:32.291+03:00 DEBUG 16345 --- [           main] org.springframework.test.context.cache   : Spring test ApplicationContext cache statistics: [DefaultContextCache@79604abe size = 1, maxSize = 32, parentContextCount = 0, hitCount = 0, missCount = 1]
2023-09-25T18:52:32.291+03:00 DEBUG 16345 --- [           main] o.s.t.c.w.ServletTestExecutionListener   : Setting up MockHttpServletRequest, MockHttpServletResponse, ServletWebRequest, and RequestContextHolder for test class com.example.letsplay.LetsPlayApplicationTests
2023-09-25T18:52:32.295+03:00 DEBUG 16345 --- [           main] DependencyInjectionTestExecutionListener : Performing dependency injection for test class com.example.letsplay.LetsPlayApplicationTests
2023-09-25T18:52:32.295+03:00 DEBUG 16345 --- [           main] org.springframework.test.context.cache   : Spring test ApplicationContext cache statistics: [DefaultContextCache@79604abe size = 1, maxSize = 32, parentContextCount = 0, hitCount = 1, missCount = 1]
2023-09-25T18:52:32.295+03:00 DEBUG 16345 --- [           main] org.springframework.test.context.cache   : Spring test ApplicationContext cache statistics: [DefaultContextCache@79604abe size = 1, maxSize = 32, parentContextCount = 0, hitCount = 2, missCount = 1]
2023-09-25T18:52:32.298+03:00 DEBUG 16345 --- [           main] sContextBeforeModesTestExecutionListener : Before test method: class [LetsPlayApplicationTests], method [contextLoads], class annotated with @DirtiesContext [false] with mode [null], method annotated with @DirtiesContext [false] with mode [null]
2023-09-25T18:52:32.299+03:00 DEBUG 16345 --- [           main] org.springframework.test.context.cache   : Spring test ApplicationContext cache statistics: [DefaultContextCache@79604abe size = 1, maxSize = 32, parentContextCount = 0, hitCount = 3, missCount = 1]
2023-09-25T18:52:32.299+03:00 DEBUG 16345 --- [           main] org.springframework.test.context.cache   : Spring test ApplicationContext cache statistics: [DefaultContextCache@79604abe size = 1, maxSize = 32, parentContextCount = 0, hitCount = 4, missCount = 1]
2023-09-25T18:52:32.632+03:00 DEBUG 16345 --- [           main] org.springframework.test.context.cache   : Spring test ApplicationContext cache statistics: [DefaultContextCache@79604abe size = 1, maxSize = 32, parentContextCount = 0, hitCount = 5, missCount = 1]
2023-09-25T18:52:32.633+03:00 DEBUG 16345 --- [           main] org.springframework.test.context.cache   : Spring test ApplicationContext cache statistics: [DefaultContextCache@79604abe size = 1, maxSize = 32, parentContextCount = 0, hitCount = 6, missCount = 1]
2023-09-25T18:52:32.633+03:00 DEBUG 16345 --- [           main] org.springframework.test.context.cache   : Spring test ApplicationContext cache statistics: [DefaultContextCache@79604abe size = 1, maxSize = 32, parentContextCount = 0, hitCount = 7, missCount = 1]
2023-09-25T18:52:32.633+03:00 DEBUG 16345 --- [           main] org.springframework.test.context.cache   : Spring test ApplicationContext cache statistics: [DefaultContextCache@79604abe size = 1, maxSize = 32, parentContextCount = 0, hitCount = 8, missCount = 1]
2023-09-25T18:52:32.634+03:00 DEBUG 16345 --- [           main] org.springframework.test.context.cache   : Spring test ApplicationContext cache statistics: [DefaultContextCache@79604abe size = 1, maxSize = 32, parentContextCount = 0, hitCount = 9, missCount = 1]
2023-09-25T18:52:32.634+03:00 DEBUG 16345 --- [           main] org.springframework.test.context.cache   : Spring test ApplicationContext cache statistics: [DefaultContextCache@79604abe size = 1, maxSize = 32, parentContextCount = 0, hitCount = 10, missCount = 1]
2023-09-25T18:52:32.634+03:00 DEBUG 16345 --- [           main] org.springframework.test.context.cache   : Spring test ApplicationContext cache statistics: [DefaultContextCache@79604abe size = 1, maxSize = 32, parentContextCount = 0, hitCount = 11, missCount = 1]
2023-09-25T18:52:32.635+03:00 DEBUG 16345 --- [           main] .c.s.DirtiesContextTestExecutionListener : After test method: class [LetsPlayApplicationTests], method [contextLoads], class annotated with @DirtiesContext [false] with mode [null], method annotated with @DirtiesContext [false] with mode [null]
2023-09-25T18:52:32.635+03:00 DEBUG 16345 --- [           main] o.s.t.c.w.ServletTestExecutionListener   : Resetting RequestContextHolder for test class com.example.letsplay.LetsPlayApplicationTests
]]></system-out>
  </testcase>
</testsuite>